Log file open, 06/13/22 22:45:35
LogWindows: Failed to load 'aqProf.dll' (GetLastError=126)
LogWindows: File 'aqProf.dll' does not exist
LogWindows: Failed to load 'VtuneApi.dll' (GetLastError=126)
LogWindows: File 'VtuneApi.dll' does not exist
LogWindows: Failed to load 'VtuneApi32e.dll' (GetLastError=126)
LogWindows: File 'VtuneApi32e.dll' does not exist
LogConsoleResponse: Display: Failed to find resolution value strings in scalability ini. Falling back to default.
LogConsoleResponse: Display: Failed to find resolution value strings in scalability ini. Falling back to default.
LogInit: Display: Running engine for game: Zeynep
LogPlatformFile: Not using cached read wrapper
LogTaskGraph: Started task graph with 5 named threads and 35 total threads with 3 sets of task threads.
LogStats: Stats thread started at 0.208478
LogICUInternationalization: ICU TimeZone Detection - Raw Offset: +3:00, Platform Override: ''
LogInit: Display: Loading text-based GConfig....
LogPluginManager: Mounting plugin MeshPainting
LogPluginManager: Mounting plugin XGEController
LogPluginManager: Mounting plugin Paper2D
LogPluginManager: Mounting plugin AISupport
LogPluginManager: Mounting plugin EnvironmentQueryEditor
LogPluginManager: Mounting plugin LightPropagationVolume
LogPluginManager: Mounting plugin LiveLink
LogPluginManager: Mounting plugin GameplayCameras
LogPluginManager: Mounting plugin CameraShakePreviewer
LogPluginManager: Mounting plugin OodleNetwork
LogPluginManager: Mounting plugin OodleData
LogPluginManager: Mounting plugin AnimationSharing
LogPluginManager: Mounting plugin CLionSourceCodeAccess
LogPluginManager: Mounting plugin AlembicImporter
LogPluginManager: Mounting plugin DatasmithContent
LogPluginManager: Mounting plugin AutomationUtils
LogPluginManager: Mounting plugin BackChannel
LogPluginManager: Mounting plugin ChaosClothEditor
LogPluginManager: Mounting plugin CodeLiteSourceCodeAccess
LogPluginManager: Mounting plugin KDevelopSourceCodeAccess
LogPluginManager: Mounting plugin GitSourceControl
LogPluginManager: Mounting plugin ChaosEditor
LogPluginManager: Mounting plugin NullSourceCodeAccess
LogPluginManager: Mounting plugin PerforceSourceControl
LogPluginManager: Mounting plugin PixWinPlugin
LogPluginManager: Mounting plugin CharacterAI
LogPluginManager: Mounting plugin ChaosSolverPlugin
LogPluginManager: Mounting plugin ChaosNiagara
LogPluginManager: Mounting plugin ChaosCloth
LogPluginManager: Mounting plugin VariantManagerContent
LogPluginManager: Mounting plugin PropertyAccessNode
LogPluginManager: Mounting plugin PlasticSourceControl
LogPluginManager: Mounting plugin RiderSourceCodeAccess
LogPluginManager: Mounting plugin PluginUtils
LogPluginManager: Mounting plugin SubversionSourceControl
LogPluginManager: Mounting plugin AssetManagerEditor
LogPluginManager: Mounting plugin UObjectPlugin
LogPluginManager: Mounting plugin TextureFormatOodle
LogPluginManager: Mounting plugin VisualStudioCodeSourceCodeAccess
LogPluginManager: Mounting plugin XCodeSourceCodeAccess
LogPluginManager: Mounting plugin VisualStudioSourceCodeAccess
LogPluginManager: Mounting plugin GeometryCollectionPlugin
LogPluginManager: Mounting plugin GeometryCache
LogPluginManager: Mounting plugin GeometryProcessing
LogPluginManager: Mounting plugin OpenImageDenoise
LogPluginManager: Mounting plugin ProxyLODPlugin
LogPluginManager: Mounting plugin MotoSynth
LogPluginManager: Mounting plugin PlanarCut
LogPluginManager: Mounting plugin PlatformCrypto
LogPluginManager: Mounting plugin PythonScriptPlugin
LogPluginManager: Mounting plugin SkeletalReduction
LogPluginManager: Mounting plugin Niagara
LogPluginManager: Mounting plugin MagicLeap
LogPluginManager: Mounting plugin LuminPlatformFeatures
LogPluginManager: Mounting plugin MagicLeapMedia
LogPluginManager: Mounting plugin MagicLeapLightEstimation
LogPluginManager: Mounting plugin MagicLeapPassableWorld
LogPluginManager: Mounting plugin MLSDK
LogPluginManager: Mounting plugin TcpMessaging
LogPluginManager: Mounting plugin UdpMessaging
LogPluginManager: Mounting plugin AndroidMedia
LogPluginManager: Mounting plugin AvfMedia
LogPluginManager: Mounting plugin ImgMedia
LogPluginManager: Mounting plugin ActorSequence
LogPluginManager: Mounting plugin MediaCompositing
LogPluginManager: Mounting plugin MatineeToLevelSequence
LogPluginManager: Mounting plugin LevelSequenceEditor
LogPluginManager: Mounting plugin TemplateSequence
LogPluginManager: Mounting plugin MediaPlayerEditor
LogPluginManager: Mounting plugin WmfMedia
LogPluginManager: Mounting plugin WebMMedia
LogPluginManager: Mounting plugin OnlineSubsystem
LogPluginManager: Mounting plugin OnlineSubsystemNull
LogPluginManager: Mounting plugin LauncherChunkInstaller
LogPluginManager: Mounting plugin ActorLayerUtilities
LogPluginManager: Mounting plugin OnlineSubsystemUtils
LogPluginManager: Mounting plugin AndroidDeviceProfileSelector
LogPluginManager: Mounting plugin AndroidPermission
LogPluginManager: Mounting plugin AndroidMoviePlayer
LogPluginManager: Mounting plugin AppleMoviePlayer
LogPluginManager: Mounting plugin AppleImageUtils
LogPluginManager: Mounting plugin CableComponent
LogPluginManager: Mounting plugin ArchVisCharacter
LogPluginManager: Mounting plugin AudioCapture
LogPluginManager: Mounting plugin AudioSynesthesia
LogPluginManager: Mounting plugin CustomMeshComponent
LogPluginManager: Mounting plugin ChunkDownloader
LogPluginManager: Mounting plugin ExampleDeviceProfileSelector
LogPluginManager: Mounting plugin EditableMesh
LogPluginManager: Mounting plugin GoogleCloudMessaging
LogPluginManager: Mounting plugin GooglePAD
LogPluginManager: Mounting plugin AssetTags
LogPluginManager: Mounting plugin LinuxDeviceProfileSelector
LogPluginManager: Mounting plugin LocationServicesBPLibrary
LogPluginManager: Mounting plugin IOSDeviceProfileSelector
LogPluginManager: Mounting plugin MobilePatchingUtils
LogPluginManager: Mounting plugin OpenXR
LogPluginManager: Mounting plugin OpenXREyeTracker
LogPluginManager: Mounting plugin ScreenshotTools
LogPluginManager: Mounting plugin Takes
LogPluginManager: Mounting plugin OpenXRHandTracking
LogPluginManager: Mounting plugin ProceduralMeshComponent
LogPluginManager: Mounting plugin PostSplashScreen
LogPluginManager: Mounting plugin PhysXVehicles
LogPluginManager: Mounting plugin RuntimePhysXCooking
LogPluginManager: Mounting plugin PropertyAccessEditor
LogPluginManager: Mounting plugin SignificanceManager
LogPluginManager: Mounting plugin SoundFields
LogPluginManager: Mounting plugin Synthesis
LogPluginManager: Mounting plugin WebMMoviePlayer
LogPluginManager: Mounting plugin WindowsMoviePlayer
LogPluginManager: Mounting plugin FacialAnimation
LogPluginManager: Mounting plugin CryptoKeys
LogPluginManager: Mounting plugin DataValidation
LogPluginManager: Mounting plugin GeometryMode
LogPluginManager: Mounting plugin CurveEditorTools
LogPluginManager: Mounting plugin MacGraphicsSwitching
LogPluginManager: Mounting plugin GameplayTagsEditor
LogPluginManager: Mounting plugin MaterialAnalyzer
LogPluginManager: Mounting plugin PluginBrowser
LogPluginManager: Mounting plugin MobileLauncherProfileWizard
LogPluginManager: Mounting plugin SpeedTreeImporter
LogPluginManager: Mounting plugin OnlineSubsystemGooglePlay
LogPluginManager: Mounting plugin OnlineSubsystemIOS
LogPluginManager: Mounting plugin OculusVR
LogPluginManager: Mounting plugin SteamVR
LogPluginManager: Mounting plugin ContentBrowserClassDataSource
LogPluginManager: Mounting plugin ContentBrowserFileDataSource
LogPluginManager: Mounting plugin ContentBrowserAssetDataSource
PixWinPlugin: PIX capture plugin failed to initialize! Check that the process is launched from PIX.
LogInit: Using libcurl 7.55.1-DEV
LogInit:  - built for x86_64-pc-win32
LogInit:  - supports SSL with OpenSSL/1.1.1
LogInit:  - supports HTTP deflate (compression) using libz 1.2.8
LogInit:  - other features:
LogInit:      CURL_VERSION_SSL
LogInit:      CURL_VERSION_LIBZ
LogInit:      CURL_VERSION_IPV6
LogInit:      CURL_VERSION_ASYNCHDNS
LogInit:      CURL_VERSION_LARGEFILE
LogInit:      CURL_VERSION_IDN
LogInit:  CurlRequestOptions (configurable via config and command line):
LogInit:  - bVerifyPeer = true  - Libcurl will verify peer certificate
LogInit:  - bUseHttpProxy = false  - Libcurl will NOT use HTTP proxy
LogInit:  - bDontReuseConnections = false  - Libcurl will reuse connections
LogInit:  - MaxHostConnections = 16  - Libcurl will limit the number of connections to a host
LogInit:  - LocalHostAddr = Default
LogInit:  - BufferSize = 65536
LogOnline: OSS: Creating online subsystem instance for: NULL
LogInit: WinSock: version 1.1 (2.2), MaxSocks=32767, MaxUdp=65467
LogOnline: OSS: TryLoadSubsystemAndSetDefault: Loaded subsystem for module [NULL]
LogOculusPluginWrapper: OculusPlugin initialized successfully
LogHMD: Failed initializing OVRPlugin 1.59.0
LogInit: Build: ++UE4+Release-4.27-CL-18319896
LogInit: Engine Version: 4.27.2-18319896+++UE4+Release-4.27
LogInit: Compatible Engine Version: 4.27.0-17155196+++UE4+Release-4.27
LogInit: Net CL: 17155196
LogInit: OS: Windows 10 (Release 2009) (), CPU: Intel(R) Core(TM) i5-10400F CPU @ 2.90GHz, GPU: NVIDIA GeForce GT 1030
LogInit: Compiled (64-bit): Nov 30 2021 07:12:08
LogInit: Compiled with Visual C++: 19.24.28315.00
LogInit: Build Configuration: Development
LogInit: Branch Name: ++UE4+Release-4.27
LogInit: Command Line: 
LogInit: Base Directory: E:/Unreal Engine/UE_4.27/Engine/Binaries/Win64/
LogInit: Allocator: TBB
LogInit: Installed Engine Build: 1
LogDevObjectVersion: Number of dev versions registered: 29
LogDevObjectVersion:   Dev-Blueprints (B0D832E4-1F89-4F0D-ACCF-7EB736FD4AA2): 10
LogDevObjectVersion:   Dev-Build (E1C64328-A22C-4D53-A36C-8E866417BD8C): 0
LogDevObjectVersion:   Dev-Core (375EC13C-06E4-48FB-B500-84F0262A717E): 4
LogDevObjectVersion:   Dev-Editor (E4B068ED-F494-42E9-A231-DA0B2E46BB41): 40
LogDevObjectVersion:   Dev-Framework (CFFC743F-43B0-4480-9391-14DF171D2073): 37
LogDevObjectVersion:   Dev-Mobile (B02B49B5-BB20-44E9-A304-32B752E40360): 3
LogDevObjectVersion:   Dev-Networking (A4E4105C-59A1-49B5-A7C5-40C4547EDFEE): 0
LogDevObjectVersion:   Dev-Online (39C831C9-5AE6-47DC-9A44-9C173E1C8E7C): 0
LogDevObjectVersion:   Dev-Physics (78F01B33-EBEA-4F98-B9B4-84EACCB95AA2): 14
LogDevObjectVersion:   Dev-Platform (6631380F-2D4D-43E0-8009-CF276956A95A): 0
LogDevObjectVersion:   Dev-Rendering (12F88B9F-8875-4AFC-A67C-D90C383ABD29): 45
LogDevObjectVersion:   Dev-Sequencer (7B5AE74C-D270-4C10-A958-57980B212A5A): 13
LogDevObjectVersion:   Dev-VR (D7296918-1DD6-4BDD-9DE2-64A83CC13884): 3
LogDevObjectVersion:   Dev-LoadTimes (C2A15278-BFE7-4AFE-6C17-90FF531DF755): 1
LogDevObjectVersion:   Private-Geometry (6EACA3D4-40EC-4CC1-B786-8BED09428FC5): 3
LogDevObjectVersion:   Dev-AnimPhys (29E575DD-E0A3-4627-9D10-D276232CDCEA): 17
LogDevObjectVersion:   Dev-Anim (AF43A65D-7FD3-4947-9873-3E8ED9C1BB05): 15
LogDevObjectVersion:   Dev-ReflectionCapture (6B266CEC-1EC7-4B8F-A30B-E4D90942FC07): 1
LogDevObjectVersion:   Dev-Automation (0DF73D61-A23F-47EA-B727-89E90C41499A): 1
LogDevObjectVersion:   FortniteMain (601D1886-AC64-4F84-AA16-D3DE0DEAC7D6): 47
LogDevObjectVersion:   FortniteRelease (E7086368-6B23-4C58-8439-1B7016265E91): 1
LogDevObjectVersion:   Dev-Enterprise (9DFFBCD6-494F-0158-E221-12823C92A888): 10
LogDevObjectVersion:   Dev-Niagara (F2AED0AC-9AFE-416F-8664-AA7FFA26D6FC): 1
LogDevObjectVersion:   Dev-Destruction (174F1F0B-B4C6-45A5-B13F-2EE8D0FB917D): 10
LogDevObjectVersion:   Dev-Physics-Ext (35F94A83-E258-406C-A318-09F59610247C): 41
LogDevObjectVersion:   Dev-PhysicsMaterial-Chaos (B68FC16E-8B1B-42E2-B453-215C058844FE): 1
LogDevObjectVersion:   Dev-CineCamera (B2E18506-4273-CFC2-A54E-F4BB758BBA07): 1
LogDevObjectVersion:   Dev-VirtualProduction (64F58936-FD1B-42BA-BA96-7289D5D0FA4E): 1
LogDevObjectVersion:   Dev-MediaFramework (6F0ED827-A609-4895-9C91-998D90180EA4): 2
LogInit: Presizing for max 25165824 objects, including 0 objects not considered by GC, pre-allocating 0 bytes for permanent pool.
LogConfig: Applying CVar settings from Section [/Script/Engine.StreamingSettings] File [E:/Games/Zeynep/Tolga/Saved/Config/Windows/Engine.ini]
LogConfig: Setting CVar [[s.MinBulkDataSizeForAsyncLoading:131072]]
LogConfig: Setting CVar [[s.AsyncLoadingThreadEnabled:0]]
LogConfig: Setting CVar [[s.EventDrivenLoaderEnabled:1]]
LogConfig: Setting CVar [[s.WarnIfTimeLimitExceeded:0]]
LogConfig: Setting CVar [[s.TimeLimitExceededMultiplier:1.5]]
LogConfig: Setting CVar [[s.TimeLimitExceededMinTime:0.005]]
LogConfig: Setting CVar [[s.UseBackgroundLevelStreaming:1]]
LogConfig: Setting CVar [[s.PriorityAsyncLoadingExtraTime:15.0]]
LogConfig: Setting CVar [[s.LevelStreamingActorsUpdateTimeLimit:5.0]]
LogConfig: Setting CVar [[s.PriorityLevelStreamingActorsUpdateExtraTime:5.0]]
LogConfig: Setting CVar [[s.LevelStreamingComponentsRegistrationGranularity:10]]
LogConfig: Setting CVar [[s.UnregisterComponentsTimeLimit:1.0]]
LogConfig: Setting CVar [[s.LevelStreamingComponentsUnregistrationGranularity:5]]
LogConfig: Setting CVar [[s.FlushStreamingOnExit:1]]
LogInit: Object subsystem initialized
LogConfig: Setting CVar [[con.DebugEarlyDefault:1]]
LogConfig: Setting CVar [[r.setres:1280x720]]
[2022.06.13-19.45.36:199][  0]LogConfig: Setting CVar [[r.VSync:0]]
[2022.06.13-19.45.36:199][  0]LogConfig: Setting CVar [[r.RHICmdBypass:0]]
[2022.06.13-19.45.36:199][  0]LogConfig: Applying CVar settings from Section [/Script/Engine.RendererSettings] File [E:/Games/Zeynep/Tolga/Saved/Config/Windows/Engine.ini]
[2022.06.13-19.45.36:199][  0]LogConfig: Setting CVar [[r.GPUCrashDebugging:0]]
[2022.06.13-19.45.36:199][  0]LogConfig: Applying CVar settings from Section [/Script/Engine.RendererOverrideSettings] File [E:/Games/Zeynep/Tolga/Saved/Config/Windows/Engine.ini]
[2022.06.13-19.45.36:199][  0]LogConfig: Applying CVar settings from Section [/Script/Engine.StreamingSettings] File [E:/Games/Zeynep/Tolga/Saved/Config/Windows/Engine.ini]
[2022.06.13-19.45.36:199][  0]LogConfig: Setting CVar [[s.MinBulkDataSizeForAsyncLoading:131072]]
[2022.06.13-19.45.36:199][  0]LogConfig: Setting CVar [[s.AsyncLoadingThreadEnabled:0]]
[2022.06.13-19.45.36:199][  0]LogConfig: Setting CVar [[s.EventDrivenLoaderEnabled:1]]
[2022.06.13-19.45.36:199][  0]LogConfig: Setting CVar [[s.WarnIfTimeLimitExceeded:0]]
[2022.06.13-19.45.36:199][  0]LogConfig: Setting CVar [[s.TimeLimitExceededMultiplier:1.5]]
[2022.06.13-19.45.36:199][  0]LogConfig: Setting CVar [[s.TimeLimitExceededMinTime:0.005]]
[2022.06.13-19.45.36:199][  0]LogConfig: Setting CVar [[s.UseBackgroundLevelStreaming:1]]
[2022.06.13-19.45.36:199][  0]LogConfig: Setting CVar [[s.PriorityAsyncLoadingExtraTime:15.0]]
[2022.06.13-19.45.36:199][  0]LogConfig: Setting CVar [[s.LevelStreamingActorsUpdateTimeLimit:5.0]]
[2022.06.13-19.45.36:199][  0]LogConfig: Setting CVar [[s.PriorityLevelStreamingActorsUpdateExtraTime:5.0]]
[2022.06.13-19.45.36:199][  0]LogConfig: Setting CVar [[s.LevelStreamingComponentsRegistrationGranularity:10]]
[2022.06.13-19.45.36:199][  0]LogConfig: Setting CVar [[s.UnregisterComponentsTimeLimit:1.0]]
[2022.06.13-19.45.36:199][  0]LogConfig: Setting CVar [[s.LevelStreamingComponentsUnregistrationGranularity:5]]
[2022.06.13-19.45.36:199][  0]LogConfig: Setting CVar [[s.FlushStreamingOnExit:1]]
[2022.06.13-19.45.36:199][  0]LogConfig: Applying CVar settings from Section [/Script/Engine.GarbageCollectionSettings] File [E:/Games/Zeynep/Tolga/Saved/Config/Windows/Engine.ini]
[2022.06.13-19.45.36:199][  0]LogConfig: Setting CVar [[gc.MaxObjectsNotConsideredByGC:1]]
[2022.06.13-19.45.36:199][  0]LogConfig: Setting CVar [[gc.SizeOfPermanentObjectPool:0]]
[2022.06.13-19.45.36:199][  0]LogConfig: Setting CVar [[gc.FlushStreamingOnGC:0]]
[2022.06.13-19.45.36:199][  0]LogConfig: Setting CVar [[gc.NumRetriesBeforeForcingGC:10]]
[2022.06.13-19.45.36:199][  0]LogConfig: Setting CVar [[gc.AllowParallelGC:1]]
[2022.06.13-19.45.36:199][  0]LogConfig: Setting CVar [[gc.TimeBetweenPurgingPendingKillObjects:61.1]]
[2022.06.13-19.45.36:199][  0]LogConfig: Setting CVar [[gc.MaxObjectsInEditor:25165824]]
[2022.06.13-19.45.36:199][  0]LogConfig: Setting CVar [[gc.IncrementalBeginDestroyEnabled:1]]
[2022.06.13-19.45.36:199][  0]LogConfig: Setting CVar [[gc.CreateGCClusters:1]]
[2022.06.13-19.45.36:199][  0]LogConfig: Setting CVar [[gc.MinGCClusterSize:5]]
[2022.06.13-19.45.36:199][  0]LogConfig: Setting CVar [[gc.ActorClusteringEnabled:0]]
[2022.06.13-19.45.36:199][  0]LogConfig: Setting CVar [[gc.BlueprintClusteringEnabled:0]]
[2022.06.13-19.45.36:199][  0]LogConfig: Setting CVar [[gc.UseDisregardForGCOnDedicatedServers:0]]
[2022.06.13-19.45.36:199][  0]LogConfig: Setting CVar [[gc.MultithreadedDestructionEnabled:1]]
[2022.06.13-19.45.36:199][  0]LogConfig: Applying CVar settings from Section [/Script/Engine.NetworkSettings] File [E:/Games/Zeynep/Tolga/Saved/Config/Windows/Engine.ini]
[2022.06.13-19.45.36:199][  0]LogConfig: Applying CVar settings from Section [/Script/UnrealEd.CookerSettings] File [E:/Games/Zeynep/Tolga/Saved/Config/Windows/Engine.ini]
[2022.06.13-19.45.36:244][  0]LogConfig: Applying CVar settings from Section [ViewDistanceQuality@3] File [E:/Games/Zeynep/Tolga/Saved/Config/Windows/Scalability.ini]
[2022.06.13-19.45.36:244][  0]LogConfig: Setting CVar [[r.SkeletalMeshLODBias:0]]
[2022.06.13-19.45.36:244][  0]LogConfig: Setting CVar [[r.ViewDistanceScale:1.0]]
[2022.06.13-19.45.36:244][  0]LogConfig: Applying CVar settings from Section [AntiAliasingQuality@3] File [E:/Games/Zeynep/Tolga/Saved/Config/Windows/Scalability.ini]
[2022.06.13-19.45.36:244][  0]LogConfig: Setting CVar [[r.PostProcessAAQuality:4]]
[2022.06.13-19.45.36:244][  0]LogConfig: Applying CVar settings from Section [ShadowQuality@3] File [E:/Games/Zeynep/Tolga/Saved/Config/Windows/Scalability.ini]
[2022.06.13-19.45.36:244][  0]LogConfig: Setting CVar [[r.LightFunctionQuality:1]]
[2022.06.13-19.45.36:244][  0]LogConfig: Setting CVar [[r.ShadowQuality:5]]
[2022.06.13-19.45.36:244][  0]LogConfig: Setting CVar [[r.Shadow.CSM.MaxCascades:10]]
[2022.06.13-19.45.36:244][  0]LogConfig: Setting CVar [[r.Shadow.MaxResolution:2048]]
[2022.06.13-19.45.36:244][  0]LogConfig: Setting CVar [[r.Shadow.MaxCSMResolution:2048]]
[2022.06.13-19.45.36:244][  0]LogConfig: Setting CVar [[r.Shadow.RadiusThreshold:0.01]]
[2022.06.13-19.45.36:244][  0]LogConfig: Setting CVar [[r.Shadow.DistanceScale:1.0]]
[2022.06.13-19.45.36:244][  0]LogConfig: Setting CVar [[r.Shadow.CSM.TransitionScale:1.0]]
[2022.06.13-19.45.36:244][  0]LogConfig: Setting CVar [[r.Shadow.PreShadowResolutionFactor:1.0]]
[2022.06.13-19.45.36:244][  0]LogConfig: Setting CVar [[r.DistanceFieldShadowing:1]]
[2022.06.13-19.45.36:244][  0]LogConfig: Setting CVar [[r.DistanceFieldAO:1]]
[2022.06.13-19.45.36:244][  0]LogConfig: Setting CVar [[r.AOQuality:2]]
[2022.06.13-19.45.36:244][  0]LogConfig: Setting CVar [[r.VolumetricFog:1]]
[2022.06.13-19.45.36:244][  0]LogConfig: Setting CVar [[r.VolumetricFog.GridPixelSize:8]]
[2022.06.13-19.45.36:244][  0]LogConfig: Setting CVar [[r.VolumetricFog.GridSizeZ:128]]
[2022.06.13-19.45.36:244][  0]LogConfig: Setting CVar [[r.VolumetricFog.HistoryMissSupersampleCount:4]]
[2022.06.13-19.45.36:244][  0]LogConfig: Setting CVar [[r.LightMaxDrawDistanceScale:1]]
[2022.06.13-19.45.36:244][  0]LogConfig: Setting CVar [[r.CapsuleShadows:1]]
[2022.06.13-19.45.36:244][  0]LogConfig: Applying CVar settings from Section [PostProcessQuality@3] File [E:/Games/Zeynep/Tolga/Saved/Config/Windows/Scalability.ini]
[2022.06.13-19.45.36:244][  0]LogConfig: Setting CVar [[r.MotionBlurQuality:4]]
[2022.06.13-19.45.36:244][  0]LogConfig: Setting CVar [[r.AmbientOcclusionMipLevelFactor:0.4]]
[2022.06.13-19.45.36:244][  0]LogConfig: Setting CVar [[r.AmbientOcclusionMaxQuality:100]]
[2022.06.13-19.45.36:244][  0]LogConfig: Setting CVar [[r.AmbientOcclusionLevels:-1]]
[2022.06.13-19.45.36:244][  0]LogConfig: Setting CVar [[r.AmbientOcclusionRadiusScale:1.0]]
[2022.06.13-19.45.36:244][  0]LogConfig: Setting CVar [[r.DepthOfFieldQuality:2]]
[2022.06.13-19.45.36:244][  0]LogConfig: Setting CVar [[r.RenderTargetPoolMin:400]]
[2022.06.13-19.45.36:244][  0]LogConfig: Setting CVar [[r.LensFlareQuality:2]]
[2022.06.13-19.45.36:244][  0]LogConfig: Setting CVar [[r.SceneColorFringeQuality:1]]
[2022.06.13-19.45.36:244][  0]LogConfig: Setting CVar [[r.EyeAdaptationQuality:2]]
[2022.06.13-19.45.36:244][  0]LogConfig: Setting CVar [[r.BloomQuality:5]]
[2022.06.13-19.45.36:244][  0]LogConfig: Setting CVar [[r.FastBlurThreshold:100]]
[2022.06.13-19.45.36:244][  0]LogConfig: Setting CVar [[r.Upscale.Quality:3]]
[2022.06.13-19.45.36:244][  0]LogConfig: Setting CVar [[r.Tonemapper.GrainQuantization:1]]
[2022.06.13-19.45.36:244][  0]LogConfig: Setting CVar [[r.LightShaftQuality:1]]
[2022.06.13-19.45.36:244][  0]LogConfig: Setting CVar [[r.Filter.SizeScale:1]]
[2022.06.13-19.45.36:244][  0]LogConfig: Setting CVar [[r.Tonemapper.Quality:5]]
[2022.06.13-19.45.36:244][  0]LogConfig: Setting CVar [[r.DOF.Gather.AccumulatorQuality:1        ; higher gathering accumulator quality]]
[2022.06.13-19.45.36:244][  0]LogConfig: Setting CVar [[r.DOF.Gather.PostfilterMethod:1          ; Median3x3 postfilering method]]
[2022.06.13-19.45.36:244][  0]LogConfig: Setting CVar [[r.DOF.Gather.EnableBokehSettings:0       ; no bokeh simulation when gathering]]
[2022.06.13-19.45.36:244][  0]LogConfig: Setting CVar [[r.DOF.Gather.RingCount:4                 ; medium number of samples when gathering]]
[2022.06.13-19.45.36:244][  0]LogConfig: Setting CVar [[r.DOF.Scatter.ForegroundCompositing:1    ; additive foreground scattering]]
[2022.06.13-19.45.36:244][  0]LogConfig: Setting CVar [[r.DOF.Scatter.BackgroundCompositing:2    ; additive background scattering]]
[2022.06.13-19.45.36:244][  0]LogConfig: Setting CVar [[r.DOF.Scatter.EnableBokehSettings:1      ; bokeh simulation when scattering]]
[2022.06.13-19.45.36:244][  0]LogConfig: Setting CVar [[r.DOF.Scatter.MaxSpriteRatio:0.1         ; only a maximum of 10% of scattered bokeh]]
[2022.06.13-19.45.36:244][  0]LogConfig: Setting CVar [[r.DOF.Recombine.Quality:1                ; cheap slight out of focus]]
[2022.06.13-19.45.36:244][  0]LogConfig: Setting CVar [[r.DOF.Recombine.EnableBokehSettings:0    ; no bokeh simulation on slight out of focus]]
[2022.06.13-19.45.36:244][  0]LogConfig: Setting CVar [[r.DOF.TemporalAAQuality:1                ; more stable temporal accumulation]]
[2022.06.13-19.45.36:244][  0]LogConfig: Setting CVar [[r.DOF.Kernel.MaxForegroundRadius:0.025]]
[2022.06.13-19.45.36:244][  0]LogConfig: Setting CVar [[r.DOF.Kernel.MaxBackgroundRadius:0.025]]
[2022.06.13-19.45.36:244][  0]LogConfig: Applying CVar settings from Section [TextureQuality@3] File [E:/Games/Zeynep/Tolga/Saved/Config/Windows/Scalability.ini]
[2022.06.13-19.45.36:244][  0]LogConfig: Setting CVar [[r.Streaming.MipBias:0]]
[2022.06.13-19.45.36:244][  0]LogConfig: Setting CVar [[r.Streaming.AmortizeCPUToGPUCopy:0]]
[2022.06.13-19.45.36:244][  0]LogConfig: Setting CVar [[r.Streaming.MaxNumTexturesToStreamPerFrame:0]]
[2022.06.13-19.45.36:244][  0]LogConfig: Setting CVar [[r.Streaming.Boost:1]]
[2022.06.13-19.45.36:244][  0]LogConfig: Setting CVar [[r.MaxAnisotropy:8]]
[2022.06.13-19.45.36:244][  0]LogConfig: Setting CVar [[r.VT.MaxAnisotropy:8]]
[2022.06.13-19.45.36:244][  0]LogConfig: Setting CVar [[r.Streaming.LimitPoolSizeToVRAM:0]]
[2022.06.13-19.45.36:244][  0]LogConfig: Setting CVar [[r.Streaming.PoolSize:1000]]
[2022.06.13-19.45.36:244][  0]LogConfig: Setting CVar [[r.Streaming.MaxEffectiveScreenSize:0]]
[2022.06.13-19.45.36:244][  0]LogConfig: Applying CVar settings from Section [EffectsQuality@3] File [E:/Games/Zeynep/Tolga/Saved/Config/Windows/Scalability.ini]
[2022.06.13-19.45.36:244][  0]LogConfig: Setting CVar [[r.TranslucencyLightingVolumeDim:64]]
[2022.06.13-19.45.36:244][  0]LogConfig: Setting CVar [[r.RefractionQuality:2]]
[2022.06.13-19.45.36:244][  0]LogConfig: Setting CVar [[r.SSR.Quality:3]]
[2022.06.13-19.45.36:244][  0]LogConfig: Setting CVar [[r.SSR.HalfResSceneColor:0]]
[2022.06.13-19.45.36:244][  0]LogConfig: Setting CVar [[r.SceneColorFormat:4]]
[2022.06.13-19.45.36:244][  0]LogConfig: Setting CVar [[r.DetailMode:2]]
[2022.06.13-19.45.36:244][  0]LogConfig: Setting CVar [[r.TranslucencyVolumeBlur:1]]
[2022.06.13-19.45.36:244][  0]LogConfig: Setting CVar [[r.MaterialQualityLevel:1 ; High quality]]
[2022.06.13-19.45.36:244][  0]LogConfig: Setting CVar [[r.AnisotropicMaterials:1]]
[2022.06.13-19.45.36:244][  0]LogConfig: Setting CVar [[r.SSS.Scale:1]]
[2022.06.13-19.45.36:244][  0]LogConfig: Setting CVar [[r.SSS.SampleSet:2]]
[2022.06.13-19.45.36:244][  0]LogConfig: Setting CVar [[r.SSS.Quality:1]]
[2022.06.13-19.45.36:244][  0]LogConfig: Setting CVar [[r.SSS.HalfRes:0]]
[2022.06.13-19.45.36:244][  0]LogConfig: Setting CVar [[r.SSGI.Quality:3]]
[2022.06.13-19.45.36:244][  0]LogConfig: Setting CVar [[r.EmitterSpawnRateScale:1.0]]
[2022.06.13-19.45.36:244][  0]LogConfig: Setting CVar [[r.ParticleLightQuality:2]]
[2022.06.13-19.45.36:244][  0]LogConfig: Setting CVar [[r.SkyAtmosphere.AerialPerspectiveLUT.FastApplyOnOpaque:1 ; Always have FastSkyLUT 1 in this case to avoid wrong sky]]
[2022.06.13-19.45.36:244][  0]LogConfig: Setting CVar [[r.SkyAtmosphere.AerialPerspectiveLUT.SampleCountMaxPerSlice:4]]
[2022.06.13-19.45.36:244][  0]LogConfig: Setting CVar [[r.SkyAtmosphere.AerialPerspectiveLUT.DepthResolution:16.0]]
[2022.06.13-19.45.36:244][  0]LogConfig: Setting CVar [[r.SkyAtmosphere.FastSkyLUT:1]]
[2022.06.13-19.45.36:244][  0]LogConfig: Setting CVar [[r.SkyAtmosphere.FastSkyLUT.SampleCountMin:4.0]]
[2022.06.13-19.45.36:244][  0]LogConfig: Setting CVar [[r.SkyAtmosphere.FastSkyLUT.SampleCountMax:128.0]]
[2022.06.13-19.45.36:244][  0]LogConfig: Setting CVar [[r.SkyAtmosphere.SampleCountMin:4.0]]
[2022.06.13-19.45.36:245][  0]LogConfig: Setting CVar [[r.SkyAtmosphere.SampleCountMax:128.0]]
[2022.06.13-19.45.36:245][  0]LogConfig: Setting CVar [[r.SkyAtmosphere.TransmittanceLUT.UseSmallFormat:0]]
[2022.06.13-19.45.36:245][  0]LogConfig: Setting CVar [[r.SkyAtmosphere.TransmittanceLUT.SampleCount:10.0]]
[2022.06.13-19.45.36:245][  0]LogConfig: Setting CVar [[r.SkyAtmosphere.MultiScatteringLUT.SampleCount:15.0]]
[2022.06.13-19.45.36:245][  0]LogConfig: Setting CVar [[r.SkyLight.RealTimeReflectionCapture:1]]
[2022.06.13-19.45.36:245][  0]LogConfig: Applying CVar settings from Section [FoliageQuality@3] File [E:/Games/Zeynep/Tolga/Saved/Config/Windows/Scalability.ini]
[2022.06.13-19.45.36:245][  0]LogConfig: Setting CVar [[foliage.DensityScale:1.0]]
[2022.06.13-19.45.36:245][  0]LogConfig: Setting CVar [[grass.DensityScale:1.0]]
[2022.06.13-19.45.36:245][  0]LogConfig: Applying CVar settings from Section [ShadingQuality@3] File [E:/Games/Zeynep/Tolga/Saved/Config/Windows/Scalability.ini]
[2022.06.13-19.45.36:245][  0]LogConfig: Setting CVar [[r.HairStrands.SkyLighting.IntegrationType:2]]
[2022.06.13-19.45.36:245][  0]LogConfig: Setting CVar [[r.HairStrands.SkyAO.SampleCount:4]]
[2022.06.13-19.45.36:245][  0]LogConfig: Setting CVar [[r.HairStrands.Visibility.MSAA.SamplePerPixel:4]]
[2022.06.13-19.45.36:245][  0]LogInit: Selected Device Profile: [Windows]
[2022.06.13-19.45.36:245][  0]LogInit: Applying CVar settings loaded from the selected device profile: [Windows]
[2022.06.13-19.45.36:245][  0]LogHAL: Display: Platform has ~ 16 GB [17057574912 / 17179869184 / 16], which maps to Larger [LargestMinGB=32, LargerMinGB=12, DefaultMinGB=8, SmallerMinGB=6, SmallestMinGB=0)
[2022.06.13-19.45.36:245][  0]LogInit: Going up to parent DeviceProfile []
[2022.06.13-19.45.36:245][  0]LogConfig: Applying CVar settings from Section [ViewDistanceQuality@2] File [E:/Games/Zeynep/Tolga/Saved/Config/Windows/Scalability.ini]
[2022.06.13-19.45.36:245][  0]LogConfig: Setting CVar [[r.SkeletalMeshLODBias:0]]
[2022.06.13-19.45.36:245][  0]LogConfig: Setting CVar [[r.ViewDistanceScale:0.8]]
[2022.06.13-19.45.36:245][  0]LogConfig: Applying CVar settings from Section [AntiAliasingQuality@2] File [E:/Games/Zeynep/Tolga/Saved/Config/Windows/Scalability.ini]
[2022.06.13-19.45.36:245][  0]LogConfig: Setting CVar [[r.PostProcessAAQuality:3]]
[2022.06.13-19.45.36:245][  0]LogConfig: Applying CVar settings from Section [ShadowQuality@2] File [E:/Games/Zeynep/Tolga/Saved/Config/Windows/Scalability.ini]
[2022.06.13-19.45.36:245][  0]LogConfig: Setting CVar [[r.LightFunctionQuality:1]]
[2022.06.13-19.45.36:245][  0]LogConfig: Setting CVar [[r.ShadowQuality:5]]
[2022.06.13-19.45.36:245][  0]LogConfig: Setting CVar [[r.Shadow.CSM.MaxCascades:4]]
[2022.06.13-19.45.36:245][  0]LogConfig: Setting CVar [[r.Shadow.MaxResolution:1024]]
[2022.06.13-19.45.36:245][  0]LogConfig: Setting CVar [[r.Shadow.MaxCSMResolution:2048]]
[2022.06.13-19.45.36:245][  0]LogConfig: Setting CVar [[r.Shadow.RadiusThreshold:0.04]]
[2022.06.13-19.45.36:245][  0]LogConfig: Setting CVar [[r.Shadow.DistanceScale:0.85]]
[2022.06.13-19.45.36:245][  0]LogConfig: Setting CVar [[r.Shadow.CSM.TransitionScale:0.8]]
[2022.06.13-19.45.36:245][  0]LogConfig: Setting CVar [[r.Shadow.PreShadowResolutionFactor:0.5]]
[2022.06.13-19.45.36:245][  0]LogConfig: Setting CVar [[r.DistanceFieldShadowing:1]]
[2022.06.13-19.45.36:245][  0]LogConfig: Setting CVar [[r.DistanceFieldAO:1]]
[2022.06.13-19.45.36:245][  0]LogConfig: Setting CVar [[r.AOQuality:1]]
[2022.06.13-19.45.36:245][  0]LogConfig: Setting CVar [[r.VolumetricFog:1]]
[2022.06.13-19.45.36:245][  0]LogConfig: Setting CVar [[r.VolumetricFog.GridPixelSize:16]]
[2022.06.13-19.45.36:245][  0]LogConfig: Setting CVar [[r.VolumetricFog.GridSizeZ:64]]
[2022.06.13-19.45.36:245][  0]LogConfig: Setting CVar [[r.VolumetricFog.HistoryMissSupersampleCount:4]]
[2022.06.13-19.45.36:245][  0]LogConfig: Setting CVar [[r.LightMaxDrawDistanceScale:1]]
[2022.06.13-19.45.36:245][  0]LogConfig: Setting CVar [[r.CapsuleShadows:1]]
[2022.06.13-19.45.36:245][  0]LogConfig: Applying CVar settings from Section [PostProcessQuality@2] File [E:/Games/Zeynep/Tolga/Saved/Config/Windows/Scalability.ini]
[2022.06.13-19.45.36:245][  0]LogConfig: Setting CVar [[r.MotionBlurQuality:3]]
[2022.06.13-19.45.36:245][  0]LogConfig: Setting CVar [[r.AmbientOcclusionMipLevelFactor:0.6]]
[2022.06.13-19.45.36:245][  0]LogConfig: Setting CVar [[r.AmbientOcclusionMaxQuality:100]]
[2022.06.13-19.45.36:245][  0]LogConfig: Setting CVar [[r.AmbientOcclusionLevels:-1]]
[2022.06.13-19.45.36:245][  0]LogConfig: Setting CVar [[r.AmbientOcclusionRadiusScale:1.5]]
[2022.06.13-19.45.36:245][  0]LogConfig: Setting CVar [[r.DepthOfFieldQuality:2]]
[2022.06.13-19.45.36:245][  0]LogConfig: Setting CVar [[r.RenderTargetPoolMin:400]]
[2022.06.13-19.45.36:245][  0]LogConfig: Setting CVar [[r.LensFlareQuality:2]]
[2022.06.13-19.45.36:245][  0]LogConfig: Setting CVar [[r.SceneColorFringeQuality:1]]
[2022.06.13-19.45.36:245][  0]LogConfig: Setting CVar [[r.EyeAdaptationQuality:2]]
[2022.06.13-19.45.36:245][  0]LogConfig: Setting CVar [[r.BloomQuality:5]]
[2022.06.13-19.45.36:245][  0]LogConfig: Setting CVar [[r.FastBlurThreshold:3]]
[2022.06.13-19.45.36:245][  0]LogConfig: Setting CVar [[r.Upscale.Quality:2]]
[2022.06.13-19.45.36:245][  0]LogConfig: Setting CVar [[r.Tonemapper.GrainQuantization:1]]
[2022.06.13-19.45.36:245][  0]LogConfig: Setting CVar [[r.LightShaftQuality:1]]
[2022.06.13-19.45.36:245][  0]LogConfig: Setting CVar [[r.Filter.SizeScale:0.8]]
[2022.06.13-19.45.36:245][  0]LogConfig: Setting CVar [[r.Tonemapper.Quality:5]]
[2022.06.13-19.45.36:245][  0]LogConfig: Setting CVar [[r.DOF.Gather.AccumulatorQuality:0        ; lower gathering accumulator quality]]
[2022.06.13-19.45.36:245][  0]LogConfig: Setting CVar [[r.DOF.Gather.PostfilterMethod:2          ; Max3x3 postfilering method]]
[2022.06.13-19.45.36:245][  0]LogConfig: Setting CVar [[r.DOF.Gather.EnableBokehSettings:0       ; no bokeh simulation when gathering]]
[2022.06.13-19.45.36:245][  0]LogConfig: Setting CVar [[r.DOF.Gather.RingCount:4                 ; medium number of samples when gathering]]
[2022.06.13-19.45.36:245][  0]LogConfig: Setting CVar [[r.DOF.Scatter.ForegroundCompositing:1    ; additive foreground scattering]]
[2022.06.13-19.45.36:245][  0]LogConfig: Setting CVar [[r.DOF.Scatter.BackgroundCompositing:1    ; no background occlusion]]
[2022.06.13-19.45.36:245][  0]LogConfig: Setting CVar [[r.DOF.Scatter.EnableBokehSettings:0      ; no bokeh simulation when scattering]]
[2022.06.13-19.45.36:245][  0]LogConfig: Setting CVar [[r.DOF.Scatter.MaxSpriteRatio:0.04        ; only a maximum of 4% of scattered bokeh]]
[2022.06.13-19.45.36:245][  0]LogConfig: Setting CVar [[r.DOF.Recombine.Quality:0                ; no slight out of focus]]
[2022.06.13-19.45.36:245][  0]LogConfig: Setting CVar [[r.DOF.TemporalAAQuality:0                ; faster temporal accumulation]]
[2022.06.13-19.45.36:245][  0]LogConfig: Setting CVar [[r.DOF.Kernel.MaxForegroundRadius:0.012   ; required because of AccumulatorQuality=0]]
[2022.06.13-19.45.36:245][  0]LogConfig: Setting CVar [[r.DOF.Kernel.MaxBackgroundRadius:0.012   ; required because of AccumulatorQuality=0]]
[2022.06.13-19.45.36:245][  0]LogConfig: Applying CVar settings from Section [TextureQuality@2] File [E:/Games/Zeynep/Tolga/Saved/Config/Windows/Scalability.ini]
[2022.06.13-19.45.36:245][  0]LogConfig: Setting CVar [[r.Streaming.MipBias:0]]
[2022.06.13-19.45.36:245][  0]LogConfig: Setting CVar [[r.Streaming.AmortizeCPUToGPUCopy:0]]
[2022.06.13-19.45.36:245][  0]LogConfig: Setting CVar [[r.Streaming.MaxNumTexturesToStreamPerFrame:0]]
[2022.06.13-19.45.36:245][  0]LogConfig: Setting CVar [[r.Streaming.Boost:1]]
[2022.06.13-19.45.36:245][  0]LogConfig: Setting CVar [[r.MaxAnisotropy:4]]
[2022.06.13-19.45.36:245][  0]LogConfig: Setting CVar [[r.VT.MaxAnisotropy:8]]
[2022.06.13-19.45.36:245][  0]LogConfig: Setting CVar [[r.Streaming.LimitPoolSizeToVRAM:1]]
[2022.06.13-19.45.36:245][  0]LogConfig: Setting CVar [[r.Streaming.PoolSize:800]]
[2022.06.13-19.45.36:245][  0]LogConfig: Setting CVar [[r.Streaming.MaxEffectiveScreenSize:0]]
[2022.06.13-19.45.36:245][  0]LogConfig: Applying CVar settings from Section [EffectsQuality@2] File [E:/Games/Zeynep/Tolga/Saved/Config/Windows/Scalability.ini]
[2022.06.13-19.45.36:245][  0]LogConfig: Setting CVar [[r.TranslucencyLightingVolumeDim:48]]
[2022.06.13-19.45.36:245][  0]LogConfig: Setting CVar [[r.RefractionQuality:2]]
[2022.06.13-19.45.36:245][  0]LogConfig: Setting CVar [[r.SSR.Quality:2]]
[2022.06.13-19.45.36:245][  0]LogConfig: Setting CVar [[r.SSR.HalfResSceneColor:1]]
[2022.06.13-19.45.36:245][  0]LogConfig: Setting CVar [[r.SceneColorFormat:3]]
[2022.06.13-19.45.36:245][  0]LogConfig: Setting CVar [[r.DetailMode:1]]
[2022.06.13-19.45.36:245][  0]LogConfig: Setting CVar [[r.TranslucencyVolumeBlur:1]]
[2022.06.13-19.45.36:245][  0]LogConfig: Setting CVar [[r.MaterialQualityLevel:1 ; High quality]]
[2022.06.13-19.45.36:245][  0]LogConfig: Setting CVar [[r.AnisotropicMaterials:1]]
[2022.06.13-19.45.36:245][  0]LogConfig: Setting CVar [[r.SSS.Scale:1]]
[2022.06.13-19.45.36:245][  0]LogConfig: Setting CVar [[r.SSS.SampleSet:1]]
[2022.06.13-19.45.36:245][  0]LogConfig: Setting CVar [[r.SSS.Quality:-1]]
[2022.06.13-19.45.36:245][  0]LogConfig: Setting CVar [[r.SSS.HalfRes:1]]
[2022.06.13-19.45.36:246][  0]LogConfig: Setting CVar [[r.SSGI.Quality:2]]
[2022.06.13-19.45.36:246][  0]LogConfig: Setting CVar [[r.EmitterSpawnRateScale:0.5]]
[2022.06.13-19.45.36:246][  0]LogConfig: Setting CVar [[r.ParticleLightQuality:1]]
[2022.06.13-19.45.36:246][  0]LogConfig: Setting CVar [[r.SkyAtmosphere.AerialPerspectiveLUT.FastApplyOnOpaque:1 ; Always have FastSkyLUT 1 in this case to avoid wrong sky]]
[2022.06.13-19.45.36:246][  0]LogConfig: Setting CVar [[r.SkyAtmosphere.AerialPerspectiveLUT.SampleCountMaxPerSlice:2]]
[2022.06.13-19.45.36:246][  0]LogConfig: Setting CVar [[r.SkyAtmosphere.AerialPerspectiveLUT.DepthResolution:16.0]]
[2022.06.13-19.45.36:246][  0]LogConfig: Setting CVar [[r.SkyAtmosphere.FastSkyLUT:1]]
[2022.06.13-19.45.36:246][  0]LogConfig: Setting CVar [[r.SkyAtmosphere.FastSkyLUT.SampleCountMin:4.0]]
[2022.06.13-19.45.36:246][  0]LogConfig: Setting CVar [[r.SkyAtmosphere.FastSkyLUT.SampleCountMax:64.0]]
[2022.06.13-19.45.36:246][  0]LogConfig: Setting CVar [[r.SkyAtmosphere.SampleCountMin:4.0]]
[2022.06.13-19.45.36:246][  0]LogConfig: Setting CVar [[r.SkyAtmosphere.SampleCountMax:64.0]]
[2022.06.13-19.45.36:246][  0]LogConfig: Setting CVar [[r.SkyAtmosphere.TransmittanceLUT.UseSmallFormat:0]]
[2022.06.13-19.45.36:246][  0]LogConfig: Setting CVar [[r.SkyAtmosphere.TransmittanceLUT.SampleCount:10.0]]
[2022.06.13-19.45.36:246][  0]LogConfig: Setting CVar [[r.SkyAtmosphere.MultiScatteringLUT.SampleCount:15.0]]
[2022.06.13-19.45.36:246][  0]LogConfig: Setting CVar [[r.SkyLight.RealTimeReflectionCapture:1]]
[2022.06.13-19.45.36:246][  0]LogConfig: Applying CVar settings from Section [FoliageQuality@2] File [E:/Games/Zeynep/Tolga/Saved/Config/Windows/Scalability.ini]
[2022.06.13-19.45.36:246][  0]LogConfig: Setting CVar [[foliage.DensityScale:0.8]]
[2022.06.13-19.45.36:246][  0]LogConfig: Setting CVar [[grass.DensityScale:0.8]]
[2022.06.13-19.45.36:246][  0]LogConfig: Applying CVar settings from Section [ShadingQuality@2] File [E:/Games/Zeynep/Tolga/Saved/Config/Windows/Scalability.ini]
[2022.06.13-19.45.36:246][  0]LogConfig: Setting CVar [[r.HairStrands.SkyLighting.IntegrationType:2]]
[2022.06.13-19.45.36:246][  0]LogConfig: Setting CVar [[r.HairStrands.SkyAO.SampleCount:4]]
[2022.06.13-19.45.36:246][  0]LogConfig: Setting CVar [[r.HairStrands.Visibility.MSAA.SamplePerPixel:4]]
[2022.06.13-19.45.36:246][  0]LogConfig: Applying CVar settings from Section [Startup] File [../../../Engine/Config/ConsoleVariables.ini]
[2022.06.13-19.45.36:246][  0]LogConfig: Setting CVar [[net.UseAdaptiveNetUpdateFrequency:0]]
[2022.06.13-19.45.36:246][  0]LogConfig: Setting CVar [[p.chaos.AllowCreatePhysxBodies:1]]
[2022.06.13-19.45.36:246][  0]LogConfig: Setting CVar [[fx.SkipVectorVMBackendOptimizations:1]]
[2022.06.13-19.45.36:246][  0]LogConfig: Applying CVar settings from Section [ConsoleVariables] File [E:/Games/Zeynep/Tolga/Saved/Config/Windows/Engine.ini]
[2022.06.13-19.45.36:246][  0]LogConfig: Applying CVar settings from Section [ConsoleVariables] File [E:/Games/Zeynep/Tolga/Saved/Config/Windows/Editor.ini]
[2022.06.13-19.45.36:246][  0]LogInit: Computer: DESKTOP-J5PFHCB
[2022.06.13-19.45.36:246][  0]LogInit: User: user
[2022.06.13-19.45.36:246][  0]LogInit: CPU Page size=4096, Cores=6
[2022.06.13-19.45.36:246][  0]LogInit: High frequency timer resolution =10.000000 MHz
[2022.06.13-19.45.36:246][  0]LogMemory: Memory total: Physical=15.9GB (16GB approx)
[2022.06.13-19.45.36:246][  0]LogMemory: Platform Memory Stats for Windows
[2022.06.13-19.45.36:246][  0]LogMemory: Process Physical Memory: 144.49 MB used, 144.49 MB peak
[2022.06.13-19.45.36:246][  0]LogMemory: Process Virtual Memory: 129.81 MB used, 129.81 MB peak
[2022.06.13-19.45.36:246][  0]LogMemory: Physical Memory: 5632.01 MB used,  10635.36 MB free, 16267.37 MB total
[2022.06.13-19.45.36:246][  0]LogMemory: Virtual Memory: 134204168.00 MB used,  13563.18 MB free, 134217728.00 MB total
[2022.06.13-19.45.36:253][  0]LogWindows: WindowsPlatformFeatures enabled
[2022.06.13-19.45.36:323][  0]LogInit: Physics initialised using underlying interface: PhysX
[2022.06.13-19.45.36:323][  0]LogInit: Using OS detected language (tr-TR).
[2022.06.13-19.45.36:323][  0]LogInit: Using OS detected locale (tr-TR).
[2022.06.13-19.45.36:327][  0]LogTextLocalizationManager: No localization for 'tr-TR' exists, so 'en' will be used for the language.
[2022.06.13-19.45.36:490][  0]LogInit: Setting process to per monitor DPI aware
[2022.06.13-19.45.36:499][  0]LogWindowsTextInputMethodSystem: Display: IME system deactivated.
[2022.06.13-19.45.36:509][  0]LogSlate: New Slate User Created.  User Index 0, Is Virtual User: 0
[2022.06.13-19.45.36:509][  0]LogSlate: Slate User Registered.  User Index 0, Is Virtual User: 0
[2022.06.13-19.45.36:597][  0]LogD3D11RHI: Loaded GFSDK_Aftermath_Lib.x64.dll
[2022.06.13-19.45.36:599][  0]LogHMD: Failed to initialize OpenVR with code 110
[2022.06.13-19.45.36:599][  0]LogD3D11RHI: D3D11 min allowed feature level: 11_0
[2022.06.13-19.45.36:599][  0]LogD3D11RHI: D3D11 max allowed feature level: 11_0
[2022.06.13-19.45.36:599][  0]LogD3D11RHI: D3D11 adapters:
[2022.06.13-19.45.36:682][  0]LogD3D11RHI:    0. 'NVIDIA GeForce GT 1030' (Feature Level 11_0)
[2022.06.13-19.45.36:682][  0]LogD3D11RHI:       1982/0/8133 MB DedicatedVideo/DedicatedSystem/SharedSystem, Outputs:1, VendorId:0x10de
[2022.06.13-19.45.36:684][  0]LogD3D11RHI:    1. 'Microsoft Basic Render Driver' (Feature Level 11_0)
[2022.06.13-19.45.36:684][  0]LogD3D11RHI:       0/0/8133 MB DedicatedVideo/DedicatedSystem/SharedSystem, Outputs:0, VendorId:0x1414
[2022.06.13-19.45.36:685][  0]LogD3D11RHI: Chosen D3D11 Adapter:
[2022.06.13-19.45.36:685][  0]LogD3D11RHI:     Description : NVIDIA GeForce GT 1030
[2022.06.13-19.45.36:685][  0]LogD3D11RHI:     VendorId    : 10de
[2022.06.13-19.45.36:685][  0]LogD3D11RHI:     DeviceId    : 1d01
[2022.06.13-19.45.36:685][  0]LogD3D11RHI:     SubSysId    : 8c981462
[2022.06.13-19.45.36:685][  0]LogD3D11RHI:     Revision    : 00a1
[2022.06.13-19.45.36:685][  0]LogD3D11RHI:     DedicatedVideoMemory : 2078662656 bytes
[2022.06.13-19.45.36:685][  0]LogD3D11RHI:     DedicatedSystemMemory : 0 bytes
[2022.06.13-19.45.36:685][  0]LogD3D11RHI:     SharedSystemMemory : 8528787456 bytes
[2022.06.13-19.45.36:685][  0]LogD3D11RHI:     AdapterLuid : 0 45479
[2022.06.13-19.45.36:689][  0]LogD3D11RHI: Creating new Direct3DDevice
[2022.06.13-19.45.36:689][  0]LogD3D11RHI:     GPU DeviceId: 0x1d01 (for the marketing name, search the web for "GPU Device Id")
[2022.06.13-19.45.36:689][  0]LogWindows: EnumDisplayDevices:
[2022.06.13-19.45.36:689][  0]LogWindows:    0. 'NVIDIA GeForce GT 1030' (P:1 D:1)
[2022.06.13-19.45.36:689][  0]LogWindows:    1. 'NVIDIA GeForce GT 1030' (P:0 D:0)
[2022.06.13-19.45.36:690][  0]LogWindows: DebugString: FoundDriverCount:2 
[2022.06.13-19.45.36:690][  0]LogD3D11RHI:     Adapter Name: NVIDIA GeForce GT 1030
[2022.06.13-19.45.36:690][  0]LogD3D11RHI:   Driver Version: 471.41 (internal:30.0.14.7141, unified:471.41)
[2022.06.13-19.45.36:690][  0]LogD3D11RHI:      Driver Date: 7-12-2021
[2022.06.13-19.45.36:690][  0]LogRHI: Texture pool is 1387 MB (70% of 1982 MB)
[2022.06.13-19.45.36:690][  0]LogD3D11RHI: Creating D3DDevice using adapter:
[2022.06.13-19.45.36:690][  0]LogD3D11RHI:     Description : NVIDIA GeForce GT 1030
[2022.06.13-19.45.36:690][  0]LogD3D11RHI:     VendorId    : 10de
[2022.06.13-19.45.36:690][  0]LogD3D11RHI:     DeviceId    : 1d01
[2022.06.13-19.45.36:690][  0]LogD3D11RHI:     SubSysId    : 8c981462
[2022.06.13-19.45.36:690][  0]LogD3D11RHI:     Revision    : 00a1
[2022.06.13-19.45.36:690][  0]LogD3D11RHI:     DedicatedVideoMemory : 2078662656 bytes
[2022.06.13-19.45.36:690][  0]LogD3D11RHI:     DedicatedSystemMemory : 0 bytes
[2022.06.13-19.45.36:690][  0]LogD3D11RHI:     SharedSystemMemory : 8528787456 bytes
[2022.06.13-19.45.36:690][  0]LogD3D11RHI:     AdapterLuid : 0 45479
[2022.06.13-19.45.36:756][  0]LogD3D11RHI: RHI has support for 64 bit atomics
[2022.06.13-19.45.36:756][  0]LogD3D11RHI: Async texture creation enabled
[2022.06.13-19.45.36:756][  0]LogD3D11RHI: Array index from any shader is supported
[2022.06.13-19.45.36:776][  0]LogD3D11RHI: GPU Timing Frequency: 1000.000000 (Debug: 2 2)
[2022.06.13-19.45.36:826][  0]LogRHI: GeForceNow SDK initialized: 1
[2022.06.13-19.45.37:099][  0]LogTargetPlatformManager: Display: Loaded TargetPlatform 'AllDesktop'
[2022.06.13-19.45.37:116][  0]LogTargetPlatformManager: Display: Loaded TargetPlatform 'Android'
[2022.06.13-19.45.37:116][  0]LogTargetPlatformManager: Display: Loaded TargetPlatform 'Android_ASTC'
[2022.06.13-19.45.37:116][  0]LogTargetPlatformManager: Display: Loaded TargetPlatform 'Android_DXT'
[2022.06.13-19.45.37:116][  0]LogTargetPlatformManager: Display: Loaded TargetPlatform 'Android_ETC2'
[2022.06.13-19.45.37:116][  0]LogTargetPlatformManager: Display: Loaded TargetPlatform 'AndroidClient'
[2022.06.13-19.45.37:116][  0]LogTargetPlatformManager: Display: Loaded TargetPlatform 'Android_ASTCClient'
[2022.06.13-19.45.37:116][  0]LogTargetPlatformManager: Display: Loaded TargetPlatform 'Android_DXTClient'
[2022.06.13-19.45.37:117][  0]LogTargetPlatformManager: Display: Loaded TargetPlatform 'Android_ETC2Client'
[2022.06.13-19.45.37:117][  0]LogTargetPlatformManager: Display: Loaded TargetPlatform 'Android_Multi'
[2022.06.13-19.45.37:117][  0]LogTargetPlatformManager: Display: Loaded TargetPlatform 'Android_MultiClient'
[2022.06.13-19.45.37:135][  0]LogTargetPlatformManager: Display: Loaded TargetPlatform 'IOSClient'
[2022.06.13-19.45.37:135][  0]LogTargetPlatformManager: Display: Loaded TargetPlatform 'IOS'
[2022.06.13-19.45.37:143][  0]LogTargetPlatformManager: Display: Loaded TargetPlatform 'Linux'
[2022.06.13-19.45.37:148][  0]LogTargetPlatformManager: Display: Loaded TargetPlatform 'LinuxNoEditor'
[2022.06.13-19.45.37:153][  0]LogTargetPlatformManager: Display: Loaded TargetPlatform 'LinuxClient'
[2022.06.13-19.45.37:157][  0]LogTargetPlatformManager: Display: Loaded TargetPlatform 'LinuxServer'
[2022.06.13-19.45.37:165][  0]LogTargetPlatformManager: Display: Loaded TargetPlatform 'LinuxAArch64NoEditor'
[2022.06.13-19.45.37:170][  0]LogTargetPlatformManager: Display: Loaded TargetPlatform 'LinuxAArch64Client'
[2022.06.13-19.45.37:175][  0]LogTargetPlatformManager: Display: Loaded TargetPlatform 'LinuxAArch64Server'
[2022.06.13-19.45.37:194][  0]LogTargetPlatformManager: Display: Loaded TargetPlatform 'Lumin'
[2022.06.13-19.45.37:194][  0]LogTargetPlatformManager: Display: Loaded TargetPlatform 'LuminClient'
[2022.06.13-19.45.37:203][  0]LogTargetPlatformManager: Display: Loaded TargetPlatform 'MacNoEditor'
[2022.06.13-19.45.37:208][  0]LogTargetPlatformManager: Display: Loaded TargetPlatform 'Mac'
[2022.06.13-19.45.37:212][  0]LogTargetPlatformManager: Display: Loaded TargetPlatform 'MacClient'
[2022.06.13-19.45.37:217][  0]LogTargetPlatformManager: Display: Loaded TargetPlatform 'MacServer'
[2022.06.13-19.45.37:226][  0]LogTargetPlatformManager: Display: Loaded TargetPlatform 'TVOSClient'
[2022.06.13-19.45.37:226][  0]LogTargetPlatformManager: Display: Loaded TargetPlatform 'TVOS'
[2022.06.13-19.45.37:234][  0]LogTargetPlatformManager: Display: Loaded TargetPlatform 'WindowsNoEditor'
[2022.06.13-19.45.37:239][  0]LogTargetPlatformManager: Display: Loaded TargetPlatform 'Windows'
[2022.06.13-19.45.37:244][  0]LogTargetPlatformManager: Display: Loaded TargetPlatform 'WindowsClient'
[2022.06.13-19.45.37:248][  0]LogTargetPlatformManager: Display: Loaded TargetPlatform 'WindowsServer'
[2022.06.13-19.45.37:248][  0]LogTargetPlatformManager: Display: Building Assets For Windows
[2022.06.13-19.45.37:256][  0]LogAudioDebug: Display: Lib vorbis DLL was dynamically loaded.
[2022.06.13-19.45.37:288][  0]LogTextureFormatOodle: Display: Oodle Texture 2.9.0 init RDO Off
[2022.06.13-19.45.37:322][  0]LogRendererCore: Ray tracing is disabled. Reason: r.RayTracing=0.
[2022.06.13-19.45.37:322][  0]LogShaderCompilers: Guid format shader working directory is 12 characters bigger than the processId version (../../../../../Games/Zeynep/Tolga/Intermediate/Shaders/WorkingDirectory/9748/).
[2022.06.13-19.45.37:322][  0]LogShaderCompilers: Cleaned the shader compiler working directory 'C:/Users/user/AppData/Local/Temp/UnrealShaderWorkingDir/8976F9234E90BF6FDA9FBFAB2F660D33/'.
[2022.06.13-19.45.37:322][  0]LogXGEController: Cannot use XGE Controller as Incredibuild is not installed on this machine.
[2022.06.13-19.45.37:322][  0]LogShaderCompilers: Cannot use XGE Shader Compiler as Incredibuild is not installed on this machine.
[2022.06.13-19.45.37:322][  0]LogShaderCompilers: Display: Using Local Shader Compiler.
[2022.06.13-19.45.37:994][  0]LogDerivedDataCache: Display: Max Cache Size: 512 MB
[2022.06.13-19.45.38:040][  0]LogDerivedDataCache: Loaded boot cache 0.05s 94MB C:/Users/user/AppData/Local/UnrealEngine/4.27/DerivedDataCache/Boot.ddc.
[2022.06.13-19.45.38:040][  0]LogDerivedDataCache: Display: Loaded Boot cache: C:/Users/user/AppData/Local/UnrealEngine/4.27/DerivedDataCache/Boot.ddc
[2022.06.13-19.45.38:040][  0]LogDerivedDataCache: FDerivedDataBackendGraph:  Pak pak cache file ../../../../../Games/Zeynep/Tolga/DerivedDataCache/DDC.ddp not found, will not use a pak cache.
[2022.06.13-19.45.38:040][  0]LogDerivedDataCache: Unable to find inner node Pak for hierarchical cache Hierarchy.
[2022.06.13-19.45.38:040][  0]LogDerivedDataCache: FDerivedDataBackendGraph:  CompressedPak pak cache file ../../../../../Games/Zeynep/Tolga/DerivedDataCache/Compressed.ddp not found, will not use a pak cache.
[2022.06.13-19.45.38:041][  0]LogDerivedDataCache: Unable to find inner node CompressedPak for hierarchical cache Hierarchy.
[2022.06.13-19.45.38:056][  0]LogDerivedDataCache: Display: Pak cache opened for reading ../../../Engine/DerivedDataCache/Compressed.ddp.
[2022.06.13-19.45.38:056][  0]LogDerivedDataCache: FDerivedDataBackendGraph:  EnterprisePak pak cache file ../../../Enterprise/DerivedDataCache/Compressed.ddp not found, will not use a pak cache.
[2022.06.13-19.45.38:056][  0]LogDerivedDataCache: Unable to find inner node EnterprisePak for hierarchical cache Hierarchy.
[2022.06.13-19.45.38:061][  0]LogDerivedDataCache: Speed tests for C:/Users/user/AppData/Local/UnrealEngine/Common/DerivedDataCache took 0.01 seconds
[2022.06.13-19.45.38:061][  0]LogDerivedDataCache: Display: Performance to C:/Users/user/AppData/Local/UnrealEngine/Common/DerivedDataCache: Latency=0.02ms. RandomReadSpeed=1607.34MBs, RandomWriteSpeed=211.29MBs. Assigned SpeedClass 'Local'
[2022.06.13-19.45.38:062][  0]LogDerivedDataCache: Using Local data cache path C:/Users/user/AppData/Local/UnrealEngine/Common/DerivedDataCache: Writable
[2022.06.13-19.45.38:062][  0]LogDerivedDataCache: Shared data cache path not found in *engine.ini, will not use an Shared cache.
[2022.06.13-19.45.38:063][  0]LogDerivedDataCache: Unable to find inner node Shared for hierarchical cache Hierarchy.
[2022.06.13-19.45.38:111][  0]LogSlate: Using FreeType 2.10.0
[2022.06.13-19.45.38:111][  0]LogSlate: SlateFontServices - WITH_FREETYPE: 1, WITH_HARFBUZZ: 1
[2022.06.13-19.45.38:131][  0]LogAssetRegistry: FAssetRegistry took 0.0020 seconds to start up
[2022.06.13-19.45.38:325][  0]LogInit: Selected Device Profile: [Windows]
[2022.06.13-19.45.38:325][  0]LogInit: Active device profile: [000001A16CC87600][000001A16C5B8140 49] Windows
[2022.06.13-19.45.38:326][  0]LogInit: Profiles: [000001A16CC87600][000001A16C5B8140 49] Windows, [000001A16CC2CC00][000001A16107C2C0 49] WindowsNoEditor, [000001A16CC84C00][000001A161080440 49] WindowsServer, [000001A16CC2F000][000001A161078580 49] WindowsClient, [000001A16CC86F00][000001A1610846C0 49] IOS, [000001A16CC2D300][000001A160FF6800 49] iPadAir, [000001A16CC85200][000001A160FFA940 49] iPadAir2, [000001A16CBD0100][000001A16100AC00 49] IPadPro, [000001A16CBC3F00][000001A161002C40 49] iPadAir3, [000001A16CC86C00][000001A16376ADC0 49] iPadAir4, [000001A16CBC1100][000001A16377AF40 49] iPadMini2, [000001A16CC85400][000001A16D9610C0 49] iPadMini3, [000001A16CBC2B00][000001A16D969240 49] iPadMini4, [000001A16CC86600][000001A16D96D3C0 49] iPadMini5, [000001A16CC2EC00][000001A16D97F680 49] iPhone6, [000001A16CC2EB00][000001A16D97B6C0 49] iPodTouch6, [000001A16CBC0100][000001A16D987980 49] iPhone7, [000001A16CBC1200][000001A16D9839C0 49] iPodTouch7, [000001A16CC2CF00][000001A16D98BB40 49] iPhone5S, [000001A16CBC2E00][000001A16D98E140 49] iPhone6Plus, [000001A16CC2C300][000001A16D9922C0 49] iPhone6S, [000001A16CBC3200][000001A16D996440 49] iPhone6SPlus, [000001A16CC2F300][000001A16D99A5C0 49] iPhone7Plus, [000001A16CBC2600][000001A160F76740 49] iPhoneSE, [000001A16CC2D400][000001A160FFE880 49] iPhone8, [000001A16CBC3900][000001A160F8E9C0 49] iPhone8Plus, [000001A16CC2E500][000001A16DB48B00 49] iPhoneX, [000001A16CBC3000][000001A16DB50C80 49] iPhoneXS, [000001A16CC2F800][000001A16DB54E00 49] iPhoneXSMax, [000001A16CBC2200][000001A16DB58F80 49] iPhoneXR, [000001A16CC2C700][000001A16DB5D100 49] iPhone11, [000001A16CBC3500][000001A16DB61280 49] iPhone11Pro, [000001A16CC2C800][000001A16DB65400 49] iPhone11ProMax, [000001A16CBC2700][000001A16DBA7580 49] iPhoneSE2, [000001A16CC2DF00][000001A16DBAB700 49] iPhone12Mini, [000001A16CBC3800][000001A16DBAF880 49] iPhone12, [000001A16CC2C400][000001A16DBE3A00 49] iPhone12Pro, [000001A16CBC1400][000001A1636F1B80 49] iPhone12ProMax, [000001A16CC2C100][000001A1636F4180 49] iPadPro105, [000001A16CBC2100][000001A1636F8300 49] iPadPro129, [000001A16CC2EE00][000001A1636FC480 49] iPadPro97, [000001A16CBC0500][000001A163700600 49] iPadPro2_129, [000001A16CC2CD00][000001A163704780 49] iPad5, [000001A16CBC3100][000001A163708900 49] iPad6, [000001A16CC2F200][000001A16DB4CA40 49] iPad7, [000001A16CBC2800][000001A16DBDEB80 49] iPad8, [000001A16CC2E300][000001A16DB68CC0 49] iPadPro11, [000001A16CBC0800][000001A163732E40 49] iPadPro2_11, [000001A16CC2FA00][000001A163736FC0 49] iPadPro3_129, [000001A16CBC3300][000001A16373B140 49] iPadPro4_129, [000001A16CC2EA00][000001A16373F2C0 49] AppleTV, [000001A16CBC3400][000001A163743440 49] AppleTV4K, [000001A16CC2E100][000001A1637475C0 49] TVOS, [000001A16CBC0A00][000001A16374B740 49] Mac, [000001A16CC2EF00][000001A16374F8C0 49] MacClient, [000001A16CBC0E00][000001A163753A40 49] MacNoEditor, [000001A16CC2F500][000001A163757BC0 49] MacServer, [000001A16CBC3A00][000001A16375A1C0 49] Linux, [000001A16CC2C900][000001A16DE72340 49] LinuxAArch64, [000001A16CBC1700][000001A16DE764C0 49] LinuxNoEditor, [000001A16CCCE600][000001A16DE7A640 49] LinuxAArch64NoEditor, [000001A16CBD0200][000001A16DE7E7C0 49] LinuxClient, [000001A16CCCD500][000001A16DE82940 49] LinuxAArch64Client, [000001A16CBD3500][000001A16DE86AC0 49] LinuxServer, [000001A16CCCDE00][000001A16372EC00 49] LinuxAArch64Server, [000001A16CBD1200][000001A16DE8AD40 49] Android, [000001A16CCCC200][000001A16DE8EE80 49] Android_Low, [000001A16CBD3100][000001A16DE92FC0 49] Android_Mid, [000001A16CCCD300][000001A16DE9B140 49] Android_High, [000001A16CBD2200][000001A16DE9F2C0 49] Android_Default, [000001A16CCCC100][000001A16DEA3440 49] Android_Adreno4xx, [000001A16CBD1600][000001A16DEA75C0 49] Android_Adreno5xx_Low, [000001A16CCCD000][000001A16DEAB740 49] Android_Adreno5xx, [000001A16CBD0D00][000001A16DEAF8C0 49] Android_Adreno6xx, [000001A16CCCDD00][000001A16DEB3A40 49] Android_Adreno6xx_Vulkan, [000001A16CBD0300][000001A16DEB7BC0 49] Android_Mali_T6xx, [000001A16CCCD200][000001A16DEBA1C0 49] Android_Mali_T7xx, [000001A16CBD2300][000001A16DEBE340 49] Android_Mali_T8xx, [000001A16CCCDB00][000001A16DEC24C0 49] Android_Mali_G71, [000001A16CBD3300][000001A161006640 49] Android_Mali_G72, [000001A16CCCC800][000001A16C5A87C0 49] Android_Mali_G72_Vulkan, [000001A16CBD2A00][000001A16C5AC940 49] Android_Mali_G76, [000001A16CCCC400][000001A16DEC6AC0 49] Android_Mali_G76_Vulkan, [000001A16CBD3C00][000001A16DECAC40 49] Android_Mali_G77, [000001A16CCCE100][000001A16DE96D80 49] Android_Mali_G77_Vulkan, [000001A16CC2C600][000001A16D8F4EC0 49] Android_Mali_G78, [000001A16CBC3600][000001A16D8F9000 49] Android_Mali_G78_Vulkan, [000001A16CC2D000][000001A16D8FD140 49] Android_Mali_G710, [000001A16CBC3E00][000001A16D9052C0 49] Android_Mali_G710_Vulkan, [000001A16CC2F400][000001A16D909440 49] Android_Vulkan_SM5, [000001A16CBC2400][000001A16D90D5C0 49] Android_PowerVR_G6xxx, [000001A16CC2D700][000001A16D911740 49] Android_PowerVR_GT7xxx, [000001A16CBC2A00][000001A16D9158C0 49] Android_PowerVR_GE8xxx, [000001A16CC2ED00][000001A16D919A40 49] Android_PowerVR_GM9xxx, [000001A16CBC1C00][000001A16D91DBC0 49] Android_PowerVR_GM9xxx_Vulkan, [000001A16CC2DC00][000001A16D9201C0 49] Android_TegraK1, [000001A16CBC0200][000001A16D924340 49] Android_Unknown_Vulkan, [000001A16CC2FD00][000001A16D9284C0 49] Lumin, [000001A16CBC1E00][000001A16D92C640 49] Lumin_Desktop, [000001A16CCCDF00][000001A16DAD07C0 49] HoloLens, 
[2022.06.13-19.45.38:441][  0]LogMeshReduction: Using QuadricMeshReduction for automatic static mesh reduction
[2022.06.13-19.45.38:441][  0]LogMeshReduction: Using SimplygonMeshReduction for automatic skeletal mesh reduction
[2022.06.13-19.45.38:441][  0]LogMeshReduction: Using ProxyLODMeshReduction for automatic mesh merging
[2022.06.13-19.45.38:441][  0]LogMeshReduction: No distributed automatic mesh merging module available
[2022.06.13-19.45.38:441][  0]LogMeshMerging: No distributed automatic mesh merging module available
[2022.06.13-19.45.38:454][  0]LogNetVersion: Zeynep 1.0.0, NetCL: 17155196, EngineNetVer: 17, GameNetVer: 0 (Checksum: 3748130410)
[2022.06.13-19.45.38:747][  0]LogTexture: Default maximum texture size for cubemaps generated from long-lat sources has been changed from 512 to unlimited. In order to preserve old behaiour for '/Engine/MapTemplates/Sky/DaylightAmbientCubemap.DaylightAmbientCubemap', its maximum texture size has been explicitly set to 512.
[2022.06.13-19.45.38:795][  0]LogHMD: PokeAHoleMaterial loaded successfully
[2022.06.13-19.45.38:800][  0]LogUObjectArray: 17178 objects as part of root set at end of initial load.
[2022.06.13-19.45.38:800][  0]LogUObjectAllocator: 4302048 out of 0 bytes used by permanent object pool.
[2022.06.13-19.45.38:800][  0]LogUObjectArray: CloseDisregardForGC: 0/0 objects in disregard for GC pool
[2022.06.13-19.45.39:023][  0]LogPython: Using Python 3.7.7
[2022.06.13-19.45.39:453][  0]LogNiagaraDebuggerClient: Niagara Debugger Client Initialized | Session: 77DAFEFD43E463BD2B5A4DAFE7ECEE27 | Instance: 792E511B45B09EDCCFFF5493FE245414 (DESKTOP-J5PFHCB-9748).
[2022.06.13-19.45.39:593][  0]LogTcpMessaging: Initializing TcpMessaging bridge
[2022.06.13-19.45.39:598][  0]LogUdpMessaging: Initializing bridge on interface 0.0.0.0:0 to multicast group 230.0.0.1:6666.
[2022.06.13-19.45.39:807][  0]SourceControl: Source control is disabled
[2022.06.13-19.45.40:336][  0]LogUProjectInfo: Found projects:
[2022.06.13-19.45.40:363][  0]LogOpenImageDenoise: OIDN starting up
[2022.06.13-19.45.40:419][  0]LogAndroidPermission: UAndroidPermissionCallbackProxy::GetInstance
[2022.06.13-19.45.40:442][  0]LogAudioCaptureCore: Display: No Audio Capture implementations found. Audio input will be silent.
[2022.06.13-19.45.40:442][  0]LogAudioCaptureCore: Display: No Audio Capture implementations found. Audio input will be silent.
[2022.06.13-19.45.40:607][  0]LogOcInput: OculusInput pre-init called
[2022.06.13-19.45.40:752][  0]LogCollectionManager: Loaded 0 collections in 0.000658 seconds
[2022.06.13-19.45.40:806][  0]LogFileCache: Scanning file cache for directory 'E:/Games/Zeynep/Tolga/Saved/Collections/' took 0.00s
[2022.06.13-19.45.40:806][  0]LogFileCache: Scanning file cache for directory 'E:/Games/Zeynep/Tolga/Content/Developers/user/Collections/' took 0.00s
[2022.06.13-19.45.40:806][  0]LogFileCache: Scanning file cache for directory 'E:/Games/Zeynep/Tolga/Content/Collections/' took 0.00s
[2022.06.13-19.45.40:806][  0]LogEngine: Initializing Engine...
[2022.06.13-19.45.40:807][  0]LogHMD: Failed to enumerate extensions. Please check that you have a valid OpenXR runtime installed.
[2022.06.13-19.45.40:808][  0]LogHMD: Failed to initialize OpenVR with code 110
[2022.06.13-19.45.40:808][  0]LogMagicLeap: Warning: VR disabled because ZI is not enabled.  To enable, in the editor, Edit -> Project Settings -> Plugins -> Magic Leap Plugin -> Enable Zero Iteration
[2022.06.13-19.45.40:808][  0]LogStats: UGameplayTagsManager::InitializeManager -  0.000 s
[2022.06.13-19.45.40:917][  0]LogInit: Initializing FReadOnlyCVARCache
[2022.06.13-19.45.40:924][  0]LogAIModule: Creating AISystem for world Untitled
[2022.06.13-19.45.40:924][  0]LogAudio: Display: Initializing Audio Device Manager...
[2022.06.13-19.45.40:927][  0]LogAudio: Display: Loading Default Audio Settings Objects...
[2022.06.13-19.45.40:928][  0]LogAudio: Display: No default SoundConcurrencyObject specified (or failed to load).
[2022.06.13-19.45.40:928][  0]LogAudio: Display: Audio Device Manager Initialized
[2022.06.13-19.45.40:928][  0]LogAudio: Display: Creating Audio Device:                 Id: 1, Scope: Shared, Realtime: True
[2022.06.13-19.45.40:928][  0]LogAudioMixer: Display: Audio Mixer Platform Settings:
[2022.06.13-19.45.40:928][  0]LogAudioMixer: Display: 	Sample Rate:						  48000
[2022.06.13-19.45.40:928][  0]LogAudioMixer: Display: 	Callback Buffer Frame Size Requested: 1024
[2022.06.13-19.45.40:928][  0]LogAudioMixer: Display: 	Callback Buffer Frame Size To Use:	  1024
[2022.06.13-19.45.40:928][  0]LogAudioMixer: Display: 	Number of buffers to queue:			  2
[2022.06.13-19.45.40:928][  0]LogAudioMixer: Display: 	Max Channels (voices):				  32
[2022.06.13-19.45.40:928][  0]LogAudioMixer: Display: 	Number of Async Source Workers:		  0
[2022.06.13-19.45.40:928][  0]LogAudio: Display: AudioDevice MaxSources: 32
[2022.06.13-19.45.40:928][  0]LogAudio: Display: Audio Spatialization Plugin: None (built-in).
[2022.06.13-19.45.40:928][  0]LogAudio: Display: Audio Reverb Plugin: None (built-in).
[2022.06.13-19.45.40:928][  0]LogAudio: Display: Audio Occlusion Plugin: None (built-in).
[2022.06.13-19.45.40:928][  0]LogAudioMixer: Display: Initializing audio mixer.
[2022.06.13-19.45.40:939][  0]LogAudioMixer: Display: 0: FrontLeft
[2022.06.13-19.45.40:939][  0]LogAudioMixer: Display: 1: FrontRight
[2022.06.13-19.45.41:005][  0]LogAudioMixer: Display: Using Audio Device Hoparlör (High Definition Audio Device)
[2022.06.13-19.45.41:009][  0]LogAudioMixer: Display: Initializing Sound Submixes...
[2022.06.13-19.45.41:010][  0]LogAudioMixer: Display: Creating Master Submix 'MasterSubmixDefault'
[2022.06.13-19.45.41:010][  0]LogAudioMixer: Display: Creating Master Submix 'MasterReverbSubmixDefault'
[2022.06.13-19.45.41:011][  0]LogAudioMixer: Display: Creating Master Submix 'MasterEQSubmixDefault'
[2022.06.13-19.45.41:011][  0]LogAudioMixer: FMixerPlatformXAudio2::StartAudioStream() called
[2022.06.13-19.45.41:011][  0]LogAudioMixer: Display: Output buffers initialized: Frames=1024, Channels=2, Samples=2048
[2022.06.13-19.45.41:012][  0]LogAudioMixer: Display: Starting AudioMixerPlatformInterface::RunInternal()
[2022.06.13-19.45.41:012][  0]LogAudioMixer: Display: FMixerPlatformXAudio2::SubmitBuffer() called for the first time
[2022.06.13-19.45.41:012][  0]LogInit: FAudioDevice initialized.
[2022.06.13-19.45.41:012][  0]LogAudio: Display: Audio Device (ID: 1) registered with world 'Untitled'.
[2022.06.13-19.45.41:012][  0]LogNetVersion: Set ProjectVersion to 1.0.0.0. Version Checksum will be recalculated on next use.
[2022.06.13-19.45.41:088][  0]LogDerivedDataCache: Saved boot cache 0.08s 94MB C:/Users/user/AppData/Local/UnrealEngine/4.27/DerivedDataCache/Boot.ddc.
[2022.06.13-19.45.41:091][  0]LogInit: Texture streaming: Enabled
[2022.06.13-19.45.41:103][  0]LogAnalytics: Display: [UEEditor.Rocket.Release] APIServer = https://datarouter.ol.epicgames.com/. AppVersion = 4.27.2-18319896+++UE4+Release-4.27
[2022.06.13-19.45.41:108][  0]LogEngineSessionManager: EngineSessionManager initialized
[2022.06.13-19.45.41:108][  0]LogEditorSessionSummary: Verbose: Initializing EditorSessionSummaryWriter for editor session tracking
[2022.06.13-19.45.41:111][  0]LogEditorSessionSummary: EditorSessionSummaryWriter initialized
[2022.06.13-19.45.41:133][  0]LogInit: Transaction tracking system initialized
[2022.06.13-19.45.41:154][  0]BlueprintLog: New page: Editor Load
[2022.06.13-19.45.41:215][  0]LocalizationService: Localization service is disabled
[2022.06.13-19.45.41:238][  0]TimingProfiler: Initialize
[2022.06.13-19.45.41:238][  0]TimingProfiler: OnSessionChanged
[2022.06.13-19.45.41:238][  0]LoadingProfiler: Initialize
[2022.06.13-19.45.41:238][  0]LoadingProfiler: OnSessionChanged
[2022.06.13-19.45.41:238][  0]NetworkingProfiler: Initialize
[2022.06.13-19.45.41:238][  0]NetworkingProfiler: OnSessionChanged
[2022.06.13-19.45.41:238][  0]MemoryProfiler: Initialize
[2022.06.13-19.45.41:238][  0]MemoryProfiler: OnSessionChanged
[2022.06.13-19.45.41:643][  0]LogCook: Display: CookSettings for Memory: MemoryMaxUsedVirtual 0MiB, MemoryMaxUsedPhysical 16384MiB, MemoryMinFreeVirtual 0MiB, MemoryMinFreePhysical 1024MiB
[2022.06.13-19.45.41:643][  0]LogCook: Display: Mobile HDR setting 1
[2022.06.13-19.45.41:821][  0]LogFileCache: Scanning file cache for directory 'E:/Games/Zeynep/Tolga/Content/' took 0.00s
[2022.06.13-19.45.41:959][  0]LogInit: Display: Engine is initialized. Leaving FEngineLoop::Init()
[2022.06.13-19.45.41:962][  0]LogUnrealEdMisc: Loading editor; pre map load, took 6.705
[2022.06.13-19.45.41:963][  0]Cmd: MAP LOAD FILE="../../../../../Games/Zeynep/Tolga/Content/ThirdPersonBP/Maps/ThirdPersonExampleMap.umap" TEMPLATE=0 SHOWPROGRESS=1 FEATURELEVEL=3
[2022.06.13-19.45.41:963][  0]LightingResults: New page: Lighting Build
[2022.06.13-19.45.41:964][  0]LogWorld: UWorld::CleanupWorld for Untitled, bSessionEnded=true, bCleanupResources=true
[2022.06.13-19.45.41:964][  0]LogSlate: InvalidateAllWidgets triggered.  All widgets were invalidated
[2022.06.13-19.45.41:964][  0]MapCheck: New page: Map Check
[2022.06.13-19.45.41:964][  0]LightingResults: New page: Lighting Build
[2022.06.13-19.45.41:968][  0]LogAudio: Display: Audio Device unregistered from world 'None'.
[2022.06.13-19.45.41:971][  0]LogUObjectHash: Compacting FUObjectHashTables data took   0.73ms
[2022.06.13-19.45.42:171][  0]LogAudio: Display: Audio Device (ID: 1) registered with world 'ThirdPersonExampleMap'.
[2022.06.13-19.45.42:172][  0]LogAIModule: Creating AISystem for world ThirdPersonExampleMap
[2022.06.13-19.45.42:176][  0]LogEditorServer: Finished looking for orphan Actors (0.000 secs)
[2022.06.13-19.45.42:183][  0]LogUObjectHash: Compacting FUObjectHashTables data took   0.75ms
[2022.06.13-19.45.42:184][  0]Cmd: MAP CHECKDEP NOCLEARLOG
[2022.06.13-19.45.42:184][  0]MapCheck: Map check complete: 0 Error(s), 0 Warning(s), took 0,105ms to complete.
[2022.06.13-19.45.42:184][  0]LogFileHelpers: Loading map 'ThirdPersonExampleMap' took 0.223
[2022.06.13-19.45.42:186][  0]LogUnrealEdMisc: Total Editor Startup Time, took 6.929
[2022.06.13-19.45.42:312][  0]LogSlate: Updating window title bar state: overlay mode, drag disabled, window buttons hidden, title bar hidden
[2022.06.13-19.45.42:318][  0]LogSlate: Updating window title bar state: overlay mode, drag disabled, window buttons hidden, title bar hidden
[2022.06.13-19.45.42:324][  0]LogSlate: Updating window title bar state: overlay mode, drag disabled, window buttons hidden, title bar hidden
[2022.06.13-19.45.42:331][  0]LogSlate: Updating window title bar state: overlay mode, drag disabled, window buttons hidden, title bar hidden
[2022.06.13-19.45.42:343][  0]LogNativeClassHierarchy: Verbose: Native class hierarchy populated in 0.0085 seconds. Added 3822 classes and 928 folders.
[2022.06.13-19.45.42:345][  0]LogNativeClassHierarchy: Verbose: Native class hierarchy updated for 'WidgetCarousel' in 0.0003 seconds. Added 0 classes and 0 folders.
[2022.06.13-19.45.42:347][  0]LogPakFile: PakFile PrimaryIndexSize=187
[2022.06.13-19.45.42:347][  0]LogPakFile: PakFile PathHashIndexSize=101
[2022.06.13-19.45.42:347][  0]LogPakFile: PakFile FullDirectoryIndexSize=148
[2022.06.13-19.45.42:347][  0]LogShaderLibrary: Display: ShaderCodeLibraryPakFileMountedCallback: PakFile 'E:/Unreal Engine/UE_4.27/FeaturePacks/FP_FirstPerson.upack' (chunk index -1, root 'root:/') mounted
[2022.06.13-19.45.42:347][  0]LogShaderLibrary: Display: ShaderCodeLibraryPakFileMountedCallback: pending pak file info (ChunkID:-1 Root:root:/ File:E:/Unreal Engine/UE_4.27/FeaturePacks/FP_FirstPerson.upack)
[2022.06.13-19.45.42:347][  0]LogPakFile: OnPakFileMounted2Time == 0.000073
[2022.06.13-19.45.42:347][  0]LogPakFile: PakFile PrimaryIndexSize=189
[2022.06.13-19.45.42:347][  0]LogPakFile: PakFile PathHashIndexSize=101
[2022.06.13-19.45.42:347][  0]LogPakFile: PakFile FullDirectoryIndexSize=152
[2022.06.13-19.45.42:347][  0]LogShaderLibrary: Display: ShaderCodeLibraryPakFileMountedCallback: PakFile 'E:/Unreal Engine/UE_4.27/FeaturePacks/FP_FirstPersonBP.upack' (chunk index -1, root 'root:/') mounted
[2022.06.13-19.45.42:347][  0]LogShaderLibrary: Display: ShaderCodeLibraryPakFileMountedCallback: pending pak file info (ChunkID:-1 Root:root:/ File:E:/Unreal Engine/UE_4.27/FeaturePacks/FP_FirstPersonBP.upack)
[2022.06.13-19.45.42:347][  0]LogPakFile: OnPakFileMounted2Time == 0.000057
[2022.06.13-19.45.42:348][  0]LogPakFile: PakFile PrimaryIndexSize=191
[2022.06.13-19.45.42:348][  0]LogPakFile: PakFile PathHashIndexSize=101
[2022.06.13-19.45.42:348][  0]LogPakFile: PakFile FullDirectoryIndexSize=160
[2022.06.13-19.45.42:348][  0]LogShaderLibrary: Display: ShaderCodeLibraryPakFileMountedCallback: PakFile 'E:/Unreal Engine/UE_4.27/FeaturePacks/MobileStarterContent.upack' (chunk index -1, root 'root:/') mounted
[2022.06.13-19.45.42:348][  0]LogShaderLibrary: Display: ShaderCodeLibraryPakFileMountedCallback: pending pak file info (ChunkID:-1 Root:root:/ File:E:/Unreal Engine/UE_4.27/FeaturePacks/MobileStarterContent.upack)
[2022.06.13-19.45.42:348][  0]LogPakFile: OnPakFileMounted2Time == 0.000047
[2022.06.13-19.45.42:348][  0]LogPakFile: PakFile PrimaryIndexSize=185
[2022.06.13-19.45.42:348][  0]LogPakFile: PakFile PathHashIndexSize=101
[2022.06.13-19.45.42:349][  0]LogPakFile: PakFile FullDirectoryIndexSize=148
[2022.06.13-19.45.42:349][  0]LogShaderLibrary: Display: ShaderCodeLibraryPakFileMountedCallback: PakFile 'E:/Unreal Engine/UE_4.27/FeaturePacks/StarterContent.upack' (chunk index -1, root 'root:/') mounted
[2022.06.13-19.45.42:349][  0]LogShaderLibrary: Display: ShaderCodeLibraryPakFileMountedCallback: pending pak file info (ChunkID:-1 Root:root:/ File:E:/Unreal Engine/UE_4.27/FeaturePacks/StarterContent.upack)
[2022.06.13-19.45.42:349][  0]LogPakFile: OnPakFileMounted2Time == 0.000035
[2022.06.13-19.45.42:349][  0]LogPakFile: PakFile PrimaryIndexSize=190
[2022.06.13-19.45.42:349][  0]LogPakFile: PakFile PathHashIndexSize=101
[2022.06.13-19.45.42:349][  0]LogPakFile: PakFile FullDirectoryIndexSize=154
[2022.06.13-19.45.42:349][  0]LogShaderLibrary: Display: ShaderCodeLibraryPakFileMountedCallback: PakFile 'E:/Unreal Engine/UE_4.27/FeaturePacks/TP_2DSideScroller.upack' (chunk index -1, root 'root:/') mounted
[2022.06.13-19.45.42:349][  0]LogShaderLibrary: Display: ShaderCodeLibraryPakFileMountedCallback: pending pak file info (ChunkID:-1 Root:root:/ File:E:/Unreal Engine/UE_4.27/FeaturePacks/TP_2DSideScroller.upack)
[2022.06.13-19.45.42:349][  0]LogPakFile: OnPakFileMounted2Time == 0.000031
[2022.06.13-19.45.42:349][  0]LogPakFile: PakFile PrimaryIndexSize=192
[2022.06.13-19.45.42:350][  0]LogPakFile: PakFile PathHashIndexSize=101
[2022.06.13-19.45.42:350][  0]LogPakFile: PakFile FullDirectoryIndexSize=158
[2022.06.13-19.45.42:350][  0]LogShaderLibrary: Display: ShaderCodeLibraryPakFileMountedCallback: PakFile 'E:/Unreal Engine/UE_4.27/FeaturePacks/TP_2DSideScrollerBP.upack' (chunk index -1, root 'root:/') mounted
[2022.06.13-19.45.42:350][  0]LogShaderLibrary: Display: ShaderCodeLibraryPakFileMountedCallback: pending pak file info (ChunkID:-1 Root:root:/ File:E:/Unreal Engine/UE_4.27/FeaturePacks/TP_2DSideScrollerBP.upack)
[2022.06.13-19.45.42:350][  0]LogPakFile: OnPakFileMounted2Time == 0.000050
[2022.06.13-19.45.42:350][  0]LogPakFile: PakFile PrimaryIndexSize=182
[2022.06.13-19.45.42:350][  0]LogPakFile: PakFile PathHashIndexSize=101
[2022.06.13-19.45.42:350][  0]LogPakFile: PakFile FullDirectoryIndexSize=138
[2022.06.13-19.45.42:350][  0]LogShaderLibrary: Display: ShaderCodeLibraryPakFileMountedCallback: PakFile 'E:/Unreal Engine/UE_4.27/FeaturePacks/TP_Flying.upack' (chunk index -1, root 'root:/') mounted
[2022.06.13-19.45.42:350][  0]LogShaderLibrary: Display: ShaderCodeLibraryPakFileMountedCallback: pending pak file info (ChunkID:-1 Root:root:/ File:E:/Unreal Engine/UE_4.27/FeaturePacks/TP_Flying.upack)
[2022.06.13-19.45.42:350][  0]LogPakFile: OnPakFileMounted2Time == 0.000049
[2022.06.13-19.45.42:351][  0]LogPakFile: PakFile PrimaryIndexSize=184
[2022.06.13-19.45.42:351][  0]LogPakFile: PakFile PathHashIndexSize=101
[2022.06.13-19.45.42:351][  0]LogPakFile: PakFile FullDirectoryIndexSize=142
[2022.06.13-19.45.42:351][  0]LogShaderLibrary: Display: ShaderCodeLibraryPakFileMountedCallback: PakFile 'E:/Unreal Engine/UE_4.27/FeaturePacks/TP_FlyingBP.upack' (chunk index -1, root 'root:/') mounted
[2022.06.13-19.45.42:351][  0]LogShaderLibrary: Display: ShaderCodeLibraryPakFileMountedCallback: pending pak file info (ChunkID:-1 Root:root:/ File:E:/Unreal Engine/UE_4.27/FeaturePacks/TP_FlyingBP.upack)
[2022.06.13-19.45.42:351][  0]LogPakFile: OnPakFileMounted2Time == 0.000051
[2022.06.13-19.45.42:351][  0]LogPakFile: PakFile PrimaryIndexSize=188
[2022.06.13-19.45.42:351][  0]LogPakFile: PakFile PathHashIndexSize=101
[2022.06.13-19.45.42:351][  0]LogPakFile: PakFile FullDirectoryIndexSize=150
[2022.06.13-19.45.42:351][  0]LogShaderLibrary: Display: ShaderCodeLibraryPakFileMountedCallback: PakFile 'E:/Unreal Engine/UE_4.27/FeaturePacks/TP_HandheldARBP.upack' (chunk index -1, root 'root:/') mounted
[2022.06.13-19.45.42:351][  0]LogShaderLibrary: Display: ShaderCodeLibraryPakFileMountedCallback: pending pak file info (ChunkID:-1 Root:root:/ File:E:/Unreal Engine/UE_4.27/FeaturePacks/TP_HandheldARBP.upack)
[2022.06.13-19.45.42:351][  0]LogPakFile: OnPakFileMounted2Time == 0.000052
[2022.06.13-19.45.42:352][  0]LogPakFile: PakFile PrimaryIndexSize=182
[2022.06.13-19.45.42:352][  0]LogPakFile: PakFile PathHashIndexSize=101
[2022.06.13-19.45.42:352][  0]LogPakFile: PakFile FullDirectoryIndexSize=138
[2022.06.13-19.45.42:352][  0]LogShaderLibrary: Display: ShaderCodeLibraryPakFileMountedCallback: PakFile 'E:/Unreal Engine/UE_4.27/FeaturePacks/TP_Puzzle.upack' (chunk index -1, root 'root:/') mounted
[2022.06.13-19.45.42:352][  0]LogShaderLibrary: Display: ShaderCodeLibraryPakFileMountedCallback: pending pak file info (ChunkID:-1 Root:root:/ File:E:/Unreal Engine/UE_4.27/FeaturePacks/TP_Puzzle.upack)
[2022.06.13-19.45.42:352][  0]LogPakFile: OnPakFileMounted2Time == 0.000035
[2022.06.13-19.45.42:353][  0]LogPakFile: PakFile PrimaryIndexSize=184
[2022.06.13-19.45.42:353][  0]LogPakFile: PakFile PathHashIndexSize=101
[2022.06.13-19.45.42:353][  0]LogPakFile: PakFile FullDirectoryIndexSize=142
[2022.06.13-19.45.42:353][  0]LogShaderLibrary: Display: ShaderCodeLibraryPakFileMountedCallback: PakFile 'E:/Unreal Engine/UE_4.27/FeaturePacks/TP_PuzzleBP.upack' (chunk index -1, root 'root:/') mounted
[2022.06.13-19.45.42:353][  0]LogShaderLibrary: Display: ShaderCodeLibraryPakFileMountedCallback: pending pak file info (ChunkID:-1 Root:root:/ File:E:/Unreal Engine/UE_4.27/FeaturePacks/TP_PuzzleBP.upack)
[2022.06.13-19.45.42:353][  0]LogPakFile: OnPakFileMounted2Time == 0.000030
[2022.06.13-19.45.42:353][  0]LogPakFile: PakFile PrimaryIndexSize=183
[2022.06.13-19.45.42:353][  0]LogPakFile: PakFile PathHashIndexSize=101
[2022.06.13-19.45.42:353][  0]LogPakFile: PakFile FullDirectoryIndexSize=140
[2022.06.13-19.45.42:353][  0]LogShaderLibrary: Display: ShaderCodeLibraryPakFileMountedCallback: PakFile 'E:/Unreal Engine/UE_4.27/FeaturePacks/TP_Rolling.upack' (chunk index -1, root 'root:/') mounted
[2022.06.13-19.45.42:353][  0]LogShaderLibrary: Display: ShaderCodeLibraryPakFileMountedCallback: pending pak file info (ChunkID:-1 Root:root:/ File:E:/Unreal Engine/UE_4.27/FeaturePacks/TP_Rolling.upack)
[2022.06.13-19.45.42:353][  0]LogPakFile: OnPakFileMounted2Time == 0.000029
[2022.06.13-19.45.42:353][  0]LogPakFile: PakFile PrimaryIndexSize=185
[2022.06.13-19.45.42:353][  0]LogPakFile: PakFile PathHashIndexSize=101
[2022.06.13-19.45.42:353][  0]LogPakFile: PakFile FullDirectoryIndexSize=144
[2022.06.13-19.45.42:353][  0]LogShaderLibrary: Display: ShaderCodeLibraryPakFileMountedCallback: PakFile 'E:/Unreal Engine/UE_4.27/FeaturePacks/TP_RollingBP.upack' (chunk index -1, root 'root:/') mounted
[2022.06.13-19.45.42:353][  0]LogShaderLibrary: Display: ShaderCodeLibraryPakFileMountedCallback: pending pak file info (ChunkID:-1 Root:root:/ File:E:/Unreal Engine/UE_4.27/FeaturePacks/TP_RollingBP.upack)
[2022.06.13-19.45.42:354][  0]LogPakFile: OnPakFileMounted2Time == 0.000028
[2022.06.13-19.45.42:354][  0]LogPakFile: PakFile PrimaryIndexSize=188
[2022.06.13-19.45.42:354][  0]LogPakFile: PakFile PathHashIndexSize=101
[2022.06.13-19.45.42:354][  0]LogPakFile: PakFile FullDirectoryIndexSize=150
[2022.06.13-19.45.42:354][  0]LogShaderLibrary: Display: ShaderCodeLibraryPakFileMountedCallback: PakFile 'E:/Unreal Engine/UE_4.27/FeaturePacks/TP_SideScroller.upack' (chunk index -1, root 'root:/') mounted
[2022.06.13-19.45.42:354][  0]LogShaderLibrary: Display: ShaderCodeLibraryPakFileMountedCallback: pending pak file info (ChunkID:-1 Root:root:/ File:E:/Unreal Engine/UE_4.27/FeaturePacks/TP_SideScroller.upack)
[2022.06.13-19.45.42:354][  0]LogPakFile: OnPakFileMounted2Time == 0.000030
[2022.06.13-19.45.42:354][  0]LogPakFile: PakFile PrimaryIndexSize=190
[2022.06.13-19.45.42:354][  0]LogPakFile: PakFile PathHashIndexSize=101
[2022.06.13-19.45.42:354][  0]LogPakFile: PakFile FullDirectoryIndexSize=154
[2022.06.13-19.45.42:355][  0]LogShaderLibrary: Display: ShaderCodeLibraryPakFileMountedCallback: PakFile 'E:/Unreal Engine/UE_4.27/FeaturePacks/TP_SideScrollerBP.upack' (chunk index -1, root 'root:/') mounted
[2022.06.13-19.45.42:355][  0]LogShaderLibrary: Display: ShaderCodeLibraryPakFileMountedCallback: pending pak file info (ChunkID:-1 Root:root:/ File:E:/Unreal Engine/UE_4.27/FeaturePacks/TP_SideScrollerBP.upack)
[2022.06.13-19.45.42:355][  0]LogPakFile: OnPakFileMounted2Time == 0.000049
[2022.06.13-19.45.42:355][  0]LogPakFile: PakFile PrimaryIndexSize=187
[2022.06.13-19.45.42:355][  0]LogPakFile: PakFile PathHashIndexSize=101
[2022.06.13-19.45.42:355][  0]LogPakFile: PakFile FullDirectoryIndexSize=148
[2022.06.13-19.45.42:355][  0]LogShaderLibrary: Display: ShaderCodeLibraryPakFileMountedCallback: PakFile 'E:/Unreal Engine/UE_4.27/FeaturePacks/TP_ThirdPerson.upack' (chunk index -1, root 'root:/') mounted
[2022.06.13-19.45.42:355][  0]LogShaderLibrary: Display: ShaderCodeLibraryPakFileMountedCallback: pending pak file info (ChunkID:-1 Root:root:/ File:E:/Unreal Engine/UE_4.27/FeaturePacks/TP_ThirdPerson.upack)
[2022.06.13-19.45.42:355][  0]LogPakFile: OnPakFileMounted2Time == 0.000030
[2022.06.13-19.45.42:355][  0]LogPakFile: PakFile PrimaryIndexSize=189
[2022.06.13-19.45.42:355][  0]LogPakFile: PakFile PathHashIndexSize=101
[2022.06.13-19.45.42:355][  0]LogPakFile: PakFile FullDirectoryIndexSize=152
[2022.06.13-19.45.42:355][  0]LogShaderLibrary: Display: ShaderCodeLibraryPakFileMountedCallback: PakFile 'E:/Unreal Engine/UE_4.27/FeaturePacks/TP_ThirdPersonBP.upack' (chunk index -1, root 'root:/') mounted
[2022.06.13-19.45.42:355][  0]LogShaderLibrary: Display: ShaderCodeLibraryPakFileMountedCallback: pending pak file info (ChunkID:-1 Root:root:/ File:E:/Unreal Engine/UE_4.27/FeaturePacks/TP_ThirdPersonBP.upack)
[2022.06.13-19.45.42:355][  0]LogPakFile: OnPakFileMounted2Time == 0.000031
[2022.06.13-19.45.42:356][  0]LogPakFile: PakFile PrimaryIndexSize=183
[2022.06.13-19.45.42:356][  0]LogPakFile: PakFile PathHashIndexSize=101
[2022.06.13-19.45.42:356][  0]LogPakFile: PakFile FullDirectoryIndexSize=140
[2022.06.13-19.45.42:356][  0]LogShaderLibrary: Display: ShaderCodeLibraryPakFileMountedCallback: PakFile 'E:/Unreal Engine/UE_4.27/FeaturePacks/TP_TopDown.upack' (chunk index -1, root 'root:/') mounted
[2022.06.13-19.45.42:356][  0]LogShaderLibrary: Display: ShaderCodeLibraryPakFileMountedCallback: pending pak file info (ChunkID:-1 Root:root:/ File:E:/Unreal Engine/UE_4.27/FeaturePacks/TP_TopDown.upack)
[2022.06.13-19.45.42:356][  0]LogPakFile: OnPakFileMounted2Time == 0.000035
[2022.06.13-19.45.42:356][  0]LogPakFile: PakFile PrimaryIndexSize=185
[2022.06.13-19.45.42:356][  0]LogPakFile: PakFile PathHashIndexSize=101
[2022.06.13-19.45.42:356][  0]LogPakFile: PakFile FullDirectoryIndexSize=144
[2022.06.13-19.45.42:356][  0]LogShaderLibrary: Display: ShaderCodeLibraryPakFileMountedCallback: PakFile 'E:/Unreal Engine/UE_4.27/FeaturePacks/TP_TopDownBP.upack' (chunk index -1, root 'root:/') mounted
[2022.06.13-19.45.42:356][  0]LogShaderLibrary: Display: ShaderCodeLibraryPakFileMountedCallback: pending pak file info (ChunkID:-1 Root:root:/ File:E:/Unreal Engine/UE_4.27/FeaturePacks/TP_TopDownBP.upack)
[2022.06.13-19.45.42:356][  0]LogPakFile: OnPakFileMounted2Time == 0.000029
[2022.06.13-19.45.42:357][  0]LogPakFile: PakFile PrimaryIndexSize=185
[2022.06.13-19.45.42:357][  0]LogPakFile: PakFile PathHashIndexSize=101
[2022.06.13-19.45.42:357][  0]LogPakFile: PakFile FullDirectoryIndexSize=144
[2022.06.13-19.45.42:357][  0]LogShaderLibrary: Display: ShaderCodeLibraryPakFileMountedCallback: PakFile 'E:/Unreal Engine/UE_4.27/FeaturePacks/TP_TwinStick.upack' (chunk index -1, root 'root:/') mounted
[2022.06.13-19.45.42:357][  0]LogShaderLibrary: Display: ShaderCodeLibraryPakFileMountedCallback: pending pak file info (ChunkID:-1 Root:root:/ File:E:/Unreal Engine/UE_4.27/FeaturePacks/TP_TwinStick.upack)
[2022.06.13-19.45.42:357][  0]LogPakFile: OnPakFileMounted2Time == 0.000029
[2022.06.13-19.45.42:357][  0]LogPakFile: PakFile PrimaryIndexSize=187
[2022.06.13-19.45.42:357][  0]LogPakFile: PakFile PathHashIndexSize=101
[2022.06.13-19.45.42:357][  0]LogPakFile: PakFile FullDirectoryIndexSize=148
[2022.06.13-19.45.42:357][  0]LogShaderLibrary: Display: ShaderCodeLibraryPakFileMountedCallback: PakFile 'E:/Unreal Engine/UE_4.27/FeaturePacks/TP_TwinStickBP.upack' (chunk index -1, root 'root:/') mounted
[2022.06.13-19.45.42:357][  0]LogShaderLibrary: Display: ShaderCodeLibraryPakFileMountedCallback: pending pak file info (ChunkID:-1 Root:root:/ File:E:/Unreal Engine/UE_4.27/FeaturePacks/TP_TwinStickBP.upack)
[2022.06.13-19.45.42:357][  0]LogPakFile: OnPakFileMounted2Time == 0.000034
[2022.06.13-19.45.42:357][  0]LogPakFile: PakFile PrimaryIndexSize=183
[2022.06.13-19.45.42:357][  0]LogPakFile: PakFile PathHashIndexSize=101
[2022.06.13-19.45.42:357][  0]LogPakFile: PakFile FullDirectoryIndexSize=140
[2022.06.13-19.45.42:358][  0]LogShaderLibrary: Display: ShaderCodeLibraryPakFileMountedCallback: PakFile 'E:/Unreal Engine/UE_4.27/FeaturePacks/TP_Vehicle.upack' (chunk index -1, root 'root:/') mounted
[2022.06.13-19.45.42:358][  0]LogShaderLibrary: Display: ShaderCodeLibraryPakFileMountedCallback: pending pak file info (ChunkID:-1 Root:root:/ File:E:/Unreal Engine/UE_4.27/FeaturePacks/TP_Vehicle.upack)
[2022.06.13-19.45.42:358][  0]LogPakFile: OnPakFileMounted2Time == 0.000030
[2022.06.13-19.45.42:358][  0]LogPakFile: PakFile PrimaryIndexSize=186
[2022.06.13-19.45.42:358][  0]LogPakFile: PakFile PathHashIndexSize=101
[2022.06.13-19.45.42:358][  0]LogPakFile: PakFile FullDirectoryIndexSize=146
[2022.06.13-19.45.42:358][  0]LogShaderLibrary: Display: ShaderCodeLibraryPakFileMountedCallback: PakFile 'E:/Unreal Engine/UE_4.27/FeaturePacks/TP_VehicleAdv.upack' (chunk index -1, root 'root:/') mounted
[2022.06.13-19.45.42:358][  0]LogShaderLibrary: Display: ShaderCodeLibraryPakFileMountedCallback: pending pak file info (ChunkID:-1 Root:root:/ File:E:/Unreal Engine/UE_4.27/FeaturePacks/TP_VehicleAdv.upack)
[2022.06.13-19.45.42:358][  0]LogPakFile: OnPakFileMounted2Time == 0.000029
[2022.06.13-19.45.42:358][  0]LogPakFile: PakFile PrimaryIndexSize=188
[2022.06.13-19.45.42:358][  0]LogPakFile: PakFile PathHashIndexSize=101
[2022.06.13-19.45.42:358][  0]LogPakFile: PakFile FullDirectoryIndexSize=150
[2022.06.13-19.45.42:358][  0]LogShaderLibrary: Display: ShaderCodeLibraryPakFileMountedCallback: PakFile 'E:/Unreal Engine/UE_4.27/FeaturePacks/TP_VehicleAdvBP.upack' (chunk index -1, root 'root:/') mounted
[2022.06.13-19.45.42:358][  0]LogShaderLibrary: Display: ShaderCodeLibraryPakFileMountedCallback: pending pak file info (ChunkID:-1 Root:root:/ File:E:/Unreal Engine/UE_4.27/FeaturePacks/TP_VehicleAdvBP.upack)
[2022.06.13-19.45.42:358][  0]LogPakFile: OnPakFileMounted2Time == 0.000028
[2022.06.13-19.45.42:359][  0]LogPakFile: PakFile PrimaryIndexSize=185
[2022.06.13-19.45.42:359][  0]LogPakFile: PakFile PathHashIndexSize=101
[2022.06.13-19.45.42:359][  0]LogPakFile: PakFile FullDirectoryIndexSize=144
[2022.06.13-19.45.42:359][  0]LogShaderLibrary: Display: ShaderCodeLibraryPakFileMountedCallback: PakFile 'E:/Unreal Engine/UE_4.27/FeaturePacks/TP_VehicleBP.upack' (chunk index -1, root 'root:/') mounted
[2022.06.13-19.45.42:359][  0]LogShaderLibrary: Display: ShaderCodeLibraryPakFileMountedCallback: pending pak file info (ChunkID:-1 Root:root:/ File:E:/Unreal Engine/UE_4.27/FeaturePacks/TP_VehicleBP.upack)
[2022.06.13-19.45.42:359][  0]LogPakFile: OnPakFileMounted2Time == 0.000032
[2022.06.13-19.45.42:359][  0]LogPakFile: PakFile PrimaryIndexSize=192
[2022.06.13-19.45.42:359][  0]LogPakFile: PakFile PathHashIndexSize=101
[2022.06.13-19.45.42:359][  0]LogPakFile: PakFile FullDirectoryIndexSize=158
[2022.06.13-19.45.42:359][  0]LogShaderLibrary: Display: ShaderCodeLibraryPakFileMountedCallback: PakFile 'E:/Unreal Engine/UE_4.27/FeaturePacks/TP_VirtualRealityBP.upack' (chunk index -1, root 'root:/') mounted
[2022.06.13-19.45.42:359][  0]LogShaderLibrary: Display: ShaderCodeLibraryPakFileMountedCallback: pending pak file info (ChunkID:-1 Root:root:/ File:E:/Unreal Engine/UE_4.27/FeaturePacks/TP_VirtualRealityBP.upack)
[2022.06.13-19.45.42:359][  0]LogPakFile: OnPakFileMounted2Time == 0.000033
[2022.06.13-19.45.42:395][  0]LogNativeClassHierarchy: Verbose: Native class hierarchy updated for 'AddContentDialog' in 0.0004 seconds. Added 0 classes and 0 folders.
[2022.06.13-19.45.42:396][  0]LogNativeClassHierarchy: Verbose: Native class hierarchy updated for 'SceneOutliner' in 0.0003 seconds. Added 2 classes and 0 folders.
[2022.06.13-19.45.42:433][  0]LogSlate: Took 0.000121 seconds to synchronously load lazily loaded font '../../../Engine/Content/Slate/Fonts/Roboto-Regular.ttf' (155K)
[2022.06.13-19.45.42:434][  0]LogSlate: Took 0.000096 seconds to synchronously load lazily loaded font '../../../Engine/Content/Editor/Slate/Fonts/FontAwesome.ttf' (139K)
[2022.06.13-19.45.42:435][  0]LogSlate: Took 0.000086 seconds to synchronously load lazily loaded font '../../../Engine/Content/Slate/Fonts/Roboto-Bold.ttf' (160K)
[2022.06.13-19.45.42:513][  0]LogRenderer: Reallocating scene render targets to support 1176x544 Format 9 NumSamples 1 (Frame:1).
[2022.06.13-19.45.42:634][  0]LogNativeClassHierarchy: Verbose: Native class hierarchy updated for 'HierarchicalLODOutliner' in 0.0002 seconds. Added 0 classes and 0 folders.
[2022.06.13-19.45.42:634][  0]LogInput: Warning: Action Jump uses invalid key OculusGo_Left_Trigger_Click.
[2022.06.13-19.45.42:634][  0]LogInput: Warning: Action ResetVR uses invalid key OculusGo_Left_Trackpad_Click.
[2022.06.13-19.45.42:634][  0]LogInput: Warning: Use -RemoveInvalidKeys to remove instances of these keys from the action mapping.
[2022.06.13-19.45.42:634][  0]LogLoad: (Engine Initialization) Total time: 7.38 seconds
[2022.06.13-19.45.42:634][  0]LogLoad: (Engine Initialization) Total Blueprint compile time: 0.00 seconds
[2022.06.13-19.45.42:676][  0]LogAssetRegistry: Asset discovery search completed in 4.5446 seconds
[2022.06.13-19.45.42:680][  0]LogCollectionManager: Fixed up redirectors for 0 collections in 0.000003 seconds (updated 0 objects)
[2022.06.13-19.45.42:682][  0]LogContentStreaming: Texture pool size now 800 MB
[2022.06.13-19.45.42:872][  3]LogSlate: Took 0.000078 seconds to synchronously load lazily loaded font '../../../Engine/Content/Slate/Fonts/Roboto-Light.ttf' (167K)
[2022.06.13-19.46.12:873][352]Cmd: MODE GRID=0
[2022.06.13-19.46.13:496][424]Cmd: MODE SCALEGRID=0
